WARNING - 2023-12-29 06:35:44 --> [DEPRECATED] Creation of dynamic property App\Controllers\Auth::$Auth_model is deprecated in APPPATH\Controllers\Auth.php on line 11.
 1 SYSTEMPATH\CodeIgniter.php(904): App\Controllers\Auth->__construct()
 2 SYSTEMPATH\CodeIgniter.php(488): CodeIgniter\CodeIgniter->createController()
 3 SYSTEMPATH\CodeIgniter.php(366): CodeIgniter\CodeIgniter->handleRequest(null, Object(Config\Cache), false)
 4 FCPATH\index.php(67): CodeIgniter\CodeIgniter->run()
INFO - 2023-12-29 06:35:44 --> Session: Class initialized using 'CodeIgniter\Session\Handlers\FileHandler' driver.
WARNING - 2023-12-29 06:54:40 --> [DEPRECATED] Creation of dynamic property App\Controllers\Auth::$Auth_model is deprecated in APPPATH\Controllers\Auth.php on line 11.
 1 SYSTEMPATH\CodeIgniter.php(904): App\Controllers\Auth->__construct()
 2 SYSTEMPATH\CodeIgniter.php(488): CodeIgniter\CodeIgniter->createController()
 3 SYSTEMPATH\CodeIgniter.php(366): CodeIgniter\CodeIgniter->handleRequest(null, Object(Config\Cache), false)
 4 FCPATH\index.php(67): CodeIgniter\CodeIgniter->run()
INFO - 2023-12-29 06:54:40 --> Session: Class initialized using 'CodeIgniter\Session\Handlers\FileHandler' driver.
INFO - 2023-12-29 06:54:40 --> Session: Class initialized using 'CodeIgniter\Session\Handlers\FileHandler' driver.
INFO - 2023-12-29 06:54:47 --> Session: Class initialized using 'CodeIgniter\Session\Handlers\FileHandler' driver.
WARNING - 2023-12-29 06:54:48 --> [DEPRECATED] Creation of dynamic property App\Controllers\User::$M_user is deprecated in APPPATH\Controllers\User.php on line 13.
 1 SYSTEMPATH\CodeIgniter.php(904): App\Controllers\User->__construct()
 2 SYSTEMPATH\CodeIgniter.php(488): CodeIgniter\CodeIgniter->createController()
 3 SYSTEMPATH\CodeIgniter.php(366): CodeIgniter\CodeIgniter->handleRequest(null, Object(Config\Cache), false)
 4 FCPATH\index.php(67): CodeIgniter\CodeIgniter->run()
WARNING - 2023-12-29 06:54:48 --> [DEPRECATED] Creation of dynamic property App\Controllers\User::$Departemen_model is deprecated in APPPATH\Controllers\User.php on line 14.
 1 SYSTEMPATH\CodeIgniter.php(904): App\Controllers\User->__construct()
 2 SYSTEMPATH\CodeIgniter.php(488): CodeIgniter\CodeIgniter->createController()
 3 SYSTEMPATH\CodeIgniter.php(366): CodeIgniter\CodeIgniter->handleRequest(null, Object(Config\Cache), false)
 4 FCPATH\index.php(67): CodeIgniter\CodeIgniter->run()
INFO - 2023-12-29 06:54:48 --> Session: Class initialized using 'CodeIgniter\Session\Handlers\FileHandler' driver.
WARNING - 2023-12-29 07:00:32 --> [DEPRECATED] Creation of dynamic property App\Controllers\User::$M_user is deprecated in APPPATH\Controllers\User.php on line 13.
 1 SYSTEMPATH\CodeIgniter.php(904): App\Controllers\User->__construct()
 2 SYSTEMPATH\CodeIgniter.php(488): CodeIgniter\CodeIgniter->createController()
 3 SYSTEMPATH\CodeIgniter.php(366): CodeIgniter\CodeIgniter->handleRequest(null, Object(Config\Cache), false)
 4 FCPATH\index.php(67): CodeIgniter\CodeIgniter->run()
WARNING - 2023-12-29 07:00:32 --> [DEPRECATED] Creation of dynamic property App\Controllers\User::$Departemen_model is deprecated in APPPATH\Controllers\User.php on line 14.
 1 SYSTEMPATH\CodeIgniter.php(904): App\Controllers\User->__construct()
 2 SYSTEMPATH\CodeIgniter.php(488): CodeIgniter\CodeIgniter->createController()
 3 SYSTEMPATH\CodeIgniter.php(366): CodeIgniter\CodeIgniter->handleRequest(null, Object(Config\Cache), false)
 4 FCPATH\index.php(67): CodeIgniter\CodeIgniter->run()
INFO - 2023-12-29 07:00:32 --> Session: Class initialized using 'CodeIgniter\Session\Handlers\FileHandler' driver.
WARNING - 2023-12-29 07:00:34 --> [DEPRECATED] Creation of dynamic property App\Controllers\User::$M_user is deprecated in APPPATH\Controllers\User.php on line 13.
 1 SYSTEMPATH\CodeIgniter.php(904): App\Controllers\User->__construct()
 2 SYSTEMPATH\CodeIgniter.php(488): CodeIgniter\CodeIgniter->createController()
 3 SYSTEMPATH\CodeIgniter.php(366): CodeIgniter\CodeIgniter->handleRequest(null, Object(Config\Cache), false)
 4 FCPATH\index.php(67): CodeIgniter\CodeIgniter->run()
WARNING - 2023-12-29 07:00:34 --> [DEPRECATED] Creation of dynamic property App\Controllers\User::$Departemen_model is deprecated in APPPATH\Controllers\User.php on line 14.
 1 SYSTEMPATH\CodeIgniter.php(904): App\Controllers\User->__construct()
 2 SYSTEMPATH\CodeIgniter.php(488): CodeIgniter\CodeIgniter->createController()
 3 SYSTEMPATH\CodeIgniter.php(366): CodeIgniter\CodeIgniter->handleRequest(null, Object(Config\Cache), false)
 4 FCPATH\index.php(67): CodeIgniter\CodeIgniter->run()
INFO - 2023-12-29 07:00:34 --> Session: Class initialized using 'CodeIgniter\Session\Handlers\FileHandler' driver.
WARNING - 2023-12-29 07:09:50 --> [DEPRECATED] Creation of dynamic property App\Controllers\Departemen::$Departemen_model is deprecated in APPPATH\Controllers\Departemen.php on line 12.
 1 SYSTEMPATH\CodeIgniter.php(904): App\Controllers\Departemen->__construct()
 2 SYSTEMPATH\CodeIgniter.php(488): CodeIgniter\CodeIgniter->createController()
 3 SYSTEMPATH\CodeIgniter.php(366): CodeIgniter\CodeIgniter->handleRequest(null, Object(Config\Cache), false)
 4 FCPATH\index.php(67): CodeIgniter\CodeIgniter->run()
INFO - 2023-12-29 07:09:50 --> Session: Class initialized using 'CodeIgniter\Session\Handlers\FileHandler' driver.
WARNING - 2023-12-29 07:09:52 --> [DEPRECATED] Creation of dynamic property App\Controllers\Departemen::$Departemen_model is deprecated in APPPATH\Controllers\Departemen.php on line 12.
 1 SYSTEMPATH\CodeIgniter.php(904): App\Controllers\Departemen->__construct()
 2 SYSTEMPATH\CodeIgniter.php(488): CodeIgniter\CodeIgniter->createController()
 3 SYSTEMPATH\CodeIgniter.php(366): CodeIgniter\CodeIgniter->handleRequest(null, Object(Config\Cache), false)
 4 FCPATH\index.php(67): CodeIgniter\CodeIgniter->run()
INFO - 2023-12-29 07:09:52 --> Session: Class initialized using 'CodeIgniter\Session\Handlers\FileHandler' driver.
CRITICAL - 2023-12-29 07:13:45 --> Class "App\Controllers\Arsip_model" not found
in APPPATH\Controllers\Arsip.php on line 12.
 1 SYSTEMPATH\CodeIgniter.php(904): App\Controllers\Arsip->__construct()
 2 SYSTEMPATH\CodeIgniter.php(488): CodeIgniter\CodeIgniter->createController()
 3 SYSTEMPATH\CodeIgniter.php(366): CodeIgniter\CodeIgniter->handleRequest(null, Object(Config\Cache), false)
 4 FCPATH\index.php(67): CodeIgniter\CodeIgniter->run()
WARNING - 2023-12-29 07:13:57 --> [DEPRECATED] Creation of dynamic property App\Controllers\Departemen::$Departemen_model is deprecated in APPPATH\Controllers\Departemen.php on line 12.
 1 SYSTEMPATH\CodeIgniter.php(904): App\Controllers\Departemen->__construct()
 2 SYSTEMPATH\CodeIgniter.php(488): CodeIgniter\CodeIgniter->createController()
 3 SYSTEMPATH\CodeIgniter.php(366): CodeIgniter\CodeIgniter->handleRequest(null, Object(Config\Cache), false)
 4 FCPATH\index.php(67): CodeIgniter\CodeIgniter->run()
INFO - 2023-12-29 07:13:57 --> Session: Class initialized using 'CodeIgniter\Session\Handlers\FileHandler' driver.
WARNING - 2023-12-29 07:14:14 --> [DEPRECATED] Creation of dynamic property App\Controllers\Arsip::$Arsip_model is deprecated in APPPATH\Controllers\Arsip.php on line 12.
 1 SYSTEMPATH\CodeIgniter.php(904): App\Controllers\Arsip->__construct()
 2 SYSTEMPATH\CodeIgniter.php(488): CodeIgniter\CodeIgniter->createController()
 3 SYSTEMPATH\CodeIgniter.php(366): CodeIgniter\CodeIgniter->handleRequest(null, Object(Config\Cache), false)
 4 FCPATH\index.php(67): CodeIgniter\CodeIgniter->run()
INFO - 2023-12-29 07:14:14 --> Session: Class initialized using 'CodeIgniter\Session\Handlers\FileHandler' driver.
CRITICAL - 2023-12-29 07:14:14 --> Invalid file: "v_arsip.php"
in SYSTEMPATH\Exceptions\FrameworkException.php on line 39.
 1 SYSTEMPATH\View\View.php(214): CodeIgniter\Exceptions\FrameworkException::forInvalidFile('v_arsip.php')
 2 SYSTEMPATH\Common.php(1174): CodeIgniter\View\View->render('v_arsip', [], true)
 3 APPPATH\Views\layout\v_konten.php(4): view('v_arsip')
 4 SYSTEMPATH\View\View.php(226): include('C:\\xampp\\htdocs\\si5n_manda\\app\\Views\\layout\\v_konten.php')
 5 SYSTEMPATH\View\View.php(229): CodeIgniter\View\View->CodeIgniter\View\{closure}()
 6 SYSTEMPATH\Common.php(1174): CodeIgniter\View\View->render('layout/v_konten.php', [], true)
 7 APPPATH\Views\layout\v_gabung.php(6): view('layout/v_konten.php')
 8 SYSTEMPATH\View\View.php(226): include('C:\\xampp\\htdocs\\si5n_manda\\app\\Views\\layout\\v_gabung.php')
 9 SYSTEMPATH\View\View.php(229): CodeIgniter\View\View->CodeIgniter\View\{closure}()
10 SYSTEMPATH\Common.php(1174): CodeIgniter\View\View->render('layout/v_gabung', [], true)
11 APPPATH\Controllers\Arsip.php(23): view('layout/v_gabung', [...])
12 SYSTEMPATH\CodeIgniter.php(932): App\Controllers\Arsip->index()
13 SYSTEMPATH\CodeIgniter.php(497): CodeIgniter\CodeIgniter->runController(Object(App\Controllers\Arsip))
14 SYSTEMPATH\CodeIgniter.php(366): CodeIgniter\CodeIgniter->handleRequest(null, Object(Config\Cache), false)
15 FCPATH\index.php(67): CodeIgniter\CodeIgniter->run()
WARNING - 2023-12-29 07:14:20 --> [DEPRECATED] Creation of dynamic property App\Controllers\Auth::$Auth_model is deprecated in APPPATH\Controllers\Auth.php on line 11.
 1 SYSTEMPATH\CodeIgniter.php(904): App\Controllers\Auth->__construct()
 2 SYSTEMPATH\CodeIgniter.php(488): CodeIgniter\CodeIgniter->createController()
 3 SYSTEMPATH\CodeIgniter.php(366): CodeIgniter\CodeIgniter->handleRequest(null, Object(Config\Cache), false)
 4 FCPATH\index.php(67): CodeIgniter\CodeIgniter->run()
INFO - 2023-12-29 07:14:20 --> Session: Class initialized using 'CodeIgniter\Session\Handlers\FileHandler' driver.
WARNING - 2023-12-29 07:14:26 --> [DEPRECATED] Creation of dynamic property App\Controllers\Auth::$Auth_model is deprecated in APPPATH\Controllers\Auth.php on line 11.
 1 SYSTEMPATH\CodeIgniter.php(904): App\Controllers\Auth->__construct()
 2 SYSTEMPATH\CodeIgniter.php(488): CodeIgniter\CodeIgniter->createController()
 3 SYSTEMPATH\CodeIgniter.php(366): CodeIgniter\CodeIgniter->handleRequest(null, Object(Config\Cache), false)
 4 FCPATH\index.php(67): CodeIgniter\CodeIgniter->run()
INFO - 2023-12-29 07:14:26 --> Session: Class initialized using 'CodeIgniter\Session\Handlers\FileHandler' driver.
INFO - 2023-12-29 07:14:26 --> Session: Class initialized using 'CodeIgniter\Session\Handlers\FileHandler' driver.
WARNING - 2023-12-29 07:19:06 --> [DEPRECATED] Creation of dynamic property App\Controllers\Departemen::$Departemen_model is deprecated in APPPATH\Controllers\Departemen.php on line 12.
 1 SYSTEMPATH\CodeIgniter.php(904): App\Controllers\Departemen->__construct()
 2 SYSTEMPATH\CodeIgniter.php(488): CodeIgniter\CodeIgniter->createController()
 3 SYSTEMPATH\CodeIgniter.php(366): CodeIgniter\CodeIgniter->handleRequest(null, Object(Config\Cache), false)
 4 FCPATH\index.php(67): CodeIgniter\CodeIgniter->run()
INFO - 2023-12-29 07:19:06 --> Session: Class initialized using 'CodeIgniter\Session\Handlers\FileHandler' driver.
WARNING - 2023-12-29 07:19:07 --> [DEPRECATED] Creation of dynamic property App\Controllers\Arsip::$Arsip_model is deprecated in APPPATH\Controllers\Arsip.php on line 12.
 1 SYSTEMPATH\CodeIgniter.php(904): App\Controllers\Arsip->__construct()
 2 SYSTEMPATH\CodeIgniter.php(488): CodeIgniter\CodeIgniter->createController()
 3 SYSTEMPATH\CodeIgniter.php(366): CodeIgniter\CodeIgniter->handleRequest(null, Object(Config\Cache), false)
 4 FCPATH\index.php(67): CodeIgniter\CodeIgniter->run()
INFO - 2023-12-29 07:19:07 --> Session: Class initialized using 'CodeIgniter\Session\Handlers\FileHandler' driver.
CRITICAL - 2023-12-29 07:19:07 --> Undefined variable $kategori
in APPPATH\Views\v_arsip.php on line 59.
 1 APPPATH\Views\v_arsip.php(59): CodeIgniter\Debug\Exceptions->errorHandler(2, 'Undefined variable $kategori', 'C:\\xampp\\htdocs\\si5n_manda\\app\\Views\\v_arsip.php', 59)
 2 SYSTEMPATH\View\View.php(226): include('C:\\xampp\\htdocs\\si5n_manda\\app\\Views\\v_arsip.php')
 3 SYSTEMPATH\View\View.php(229): CodeIgniter\View\View->CodeIgniter\View\{closure}()
 4 SYSTEMPATH\Common.php(1174): CodeIgniter\View\View->render('v_arsip', [], true)
 5 APPPATH\Views\layout\v_konten.php(4): view('v_arsip')
 6 SYSTEMPATH\View\View.php(226): include('C:\\xampp\\htdocs\\si5n_manda\\app\\Views\\layout\\v_konten.php')
 7 SYSTEMPATH\View\View.php(229): CodeIgniter\View\View->CodeIgniter\View\{closure}()
 8 SYSTEMPATH\Common.php(1174): CodeIgniter\View\View->render('layout/v_konten.php', [], true)
 9 APPPATH\Views\layout\v_gabung.php(6): view('layout/v_konten.php')
10 SYSTEMPATH\View\View.php(226): include('C:\\xampp\\htdocs\\si5n_manda\\app\\Views\\layout\\v_gabung.php')
11 SYSTEMPATH\View\View.php(229): CodeIgniter\View\View->CodeIgniter\View\{closure}()
12 SYSTEMPATH\Common.php(1174): CodeIgniter\View\View->render('layout/v_gabung', [], true)
13 APPPATH\Controllers\Arsip.php(23): view('layout/v_gabung', [...])
14 SYSTEMPATH\CodeIgniter.php(932): App\Controllers\Arsip->index()
15 SYSTEMPATH\CodeIgniter.php(497): CodeIgniter\CodeIgniter->runController(Object(App\Controllers\Arsip))
16 SYSTEMPATH\CodeIgniter.php(366): CodeIgniter\CodeIgniter->handleRequest(null, Object(Config\Cache), false)
17 FCPATH\index.php(67): CodeIgniter\CodeIgniter->run()
WARNING - 2023-12-29 07:20:04 --> [DEPRECATED] Creation of dynamic property App\Controllers\Auth::$Auth_model is deprecated in APPPATH\Controllers\Auth.php on line 11.
 1 SYSTEMPATH\CodeIgniter.php(904): App\Controllers\Auth->__construct()
 2 SYSTEMPATH\CodeIgniter.php(488): CodeIgniter\CodeIgniter->createController()
 3 SYSTEMPATH\CodeIgniter.php(366): CodeIgniter\CodeIgniter->handleRequest(null, Object(Config\Cache), false)
 4 FCPATH\index.php(67): CodeIgniter\CodeIgniter->run()
INFO - 2023-12-29 07:20:05 --> Session: Class initialized using 'CodeIgniter\Session\Handlers\FileHandler' driver.
WARNING - 2023-12-29 07:20:10 --> [DEPRECATED] Creation of dynamic property App\Controllers\Auth::$Auth_model is deprecated in APPPATH\Controllers\Auth.php on line 11.
 1 SYSTEMPATH\CodeIgniter.php(904): App\Controllers\Auth->__construct()
 2 SYSTEMPATH\CodeIgniter.php(488): CodeIgniter\CodeIgniter->createController()
 3 SYSTEMPATH\CodeIgniter.php(366): CodeIgniter\CodeIgniter->handleRequest(null, Object(Config\Cache), false)
 4 FCPATH\index.php(67): CodeIgniter\CodeIgniter->run()
INFO - 2023-12-29 07:20:10 --> Session: Class initialized using 'CodeIgniter\Session\Handlers\FileHandler' driver.
INFO - 2023-12-29 07:20:10 --> Session: Class initialized using 'CodeIgniter\Session\Handlers\FileHandler' driver.
WARNING - 2023-12-29 07:20:11 --> [DEPRECATED] Creation of dynamic property App\Controllers\Arsip::$Arsip_model is deprecated in APPPATH\Controllers\Arsip.php on line 12.
 1 SYSTEMPATH\CodeIgniter.php(904): App\Controllers\Arsip->__construct()
 2 SYSTEMPATH\CodeIgniter.php(488): CodeIgniter\CodeIgniter->createController()
 3 SYSTEMPATH\CodeIgniter.php(366): CodeIgniter\CodeIgniter->handleRequest(null, Object(Config\Cache), false)
 4 FCPATH\index.php(67): CodeIgniter\CodeIgniter->run()
INFO - 2023-12-29 07:20:11 --> Session: Class initialized using 'CodeIgniter\Session\Handlers\FileHandler' driver.
WARNING - 2023-12-29 07:21:54 --> [DEPRECATED] Creation of dynamic property App\Controllers\User::$M_user is deprecated in APPPATH\Controllers\User.php on line 13.
 1 SYSTEMPATH\CodeIgniter.php(904): App\Controllers\User->__construct()
 2 SYSTEMPATH\CodeIgniter.php(488): CodeIgniter\CodeIgniter->createController()
 3 SYSTEMPATH\CodeIgniter.php(366): CodeIgniter\CodeIgniter->handleRequest(null, Object(Config\Cache), false)
 4 FCPATH\index.php(67): CodeIgniter\CodeIgniter->run()
WARNING - 2023-12-29 07:21:54 --> [DEPRECATED] Creation of dynamic property App\Controllers\User::$Departemen_model is deprecated in APPPATH\Controllers\User.php on line 14.
 1 SYSTEMPATH\CodeIgniter.php(904): App\Controllers\User->__construct()
 2 SYSTEMPATH\CodeIgniter.php(488): CodeIgniter\CodeIgniter->createController()
 3 SYSTEMPATH\CodeIgniter.php(366): CodeIgniter\CodeIgniter->handleRequest(null, Object(Config\Cache), false)
 4 FCPATH\index.php(67): CodeIgniter\CodeIgniter->run()
INFO - 2023-12-29 07:21:54 --> Session: Class initialized using 'CodeIgniter\Session\Handlers\FileHandler' driver.
WARNING - 2023-12-29 07:21:55 --> [DEPRECATED] Creation of dynamic property App\Controllers\Arsip::$Arsip_model is deprecated in APPPATH\Controllers\Arsip.php on line 12.
 1 SYSTEMPATH\CodeIgniter.php(904): App\Controllers\Arsip->__construct()
 2 SYSTEMPATH\CodeIgniter.php(488): CodeIgniter\CodeIgniter->createController()
 3 SYSTEMPATH\CodeIgniter.php(366): CodeIgniter\CodeIgniter->handleRequest(null, Object(Config\Cache), false)
 4 FCPATH\index.php(67): CodeIgniter\CodeIgniter->run()
INFO - 2023-12-29 07:21:55 --> Session: Class initialized using 'CodeIgniter\Session\Handlers\FileHandler' driver.
WARNING - 2023-12-29 07:23:23 --> [DEPRECATED] Creation of dynamic property App\Controllers\Departemen::$Departemen_model is deprecated in APPPATH\Controllers\Departemen.php on line 12.
 1 SYSTEMPATH\CodeIgniter.php(904): App\Controllers\Departemen->__construct()
 2 SYSTEMPATH\CodeIgniter.php(488): CodeIgniter\CodeIgniter->createController()
 3 SYSTEMPATH\CodeIgniter.php(366): CodeIgniter\CodeIgniter->handleRequest(null, Object(Config\Cache), false)
 4 FCPATH\index.php(67): CodeIgniter\CodeIgniter->run()
INFO - 2023-12-29 07:23:23 --> Session: Class initialized using 'CodeIgniter\Session\Handlers\FileHandler' driver.
WARNING - 2023-12-29 07:23:24 --> [DEPRECATED] Creation of dynamic property App\Controllers\Arsip::$Arsip_model is deprecated in APPPATH\Controllers\Arsip.php on line 12.
 1 SYSTEMPATH\CodeIgniter.php(904): App\Controllers\Arsip->__construct()
 2 SYSTEMPATH\CodeIgniter.php(488): CodeIgniter\CodeIgniter->createController()
 3 SYSTEMPATH\CodeIgniter.php(366): CodeIgniter\CodeIgniter->handleRequest(null, Object(Config\Cache), false)
 4 FCPATH\index.php(67): CodeIgniter\CodeIgniter->run()
INFO - 2023-12-29 07:23:24 --> Session: Class initialized using 'CodeIgniter\Session\Handlers\FileHandler' driver.
WARNING - 2023-12-29 07:23:26 --> [DEPRECATED] Creation of dynamic property App\Controllers\User::$M_user is deprecated in APPPATH\Controllers\User.php on line 13.
 1 SYSTEMPATH\CodeIgniter.php(904): App\Controllers\User->__construct()
 2 SYSTEMPATH\CodeIgniter.php(488): CodeIgniter\CodeIgniter->createController()
 3 SYSTEMPATH\CodeIgniter.php(366): CodeIgniter\CodeIgniter->handleRequest(null, Object(Config\Cache), false)
 4 FCPATH\index.php(67): CodeIgniter\CodeIgniter->run()
WARNING - 2023-12-29 07:23:26 --> [DEPRECATED] Creation of dynamic property App\Controllers\User::$Departemen_model is deprecated in APPPATH\Controllers\User.php on line 14.
 1 SYSTEMPATH\CodeIgniter.php(904): App\Controllers\User->__construct()
 2 SYSTEMPATH\CodeIgniter.php(488): CodeIgniter\CodeIgniter->createController()
 3 SYSTEMPATH\CodeIgniter.php(366): CodeIgniter\CodeIgniter->handleRequest(null, Object(Config\Cache), false)
 4 FCPATH\index.php(67): CodeIgniter\CodeIgniter->run()
INFO - 2023-12-29 07:23:26 --> Session: Class initialized using 'CodeIgniter\Session\Handlers\FileHandler' driver.
WARNING - 2023-12-29 07:23:27 --> [DEPRECATED] Creation of dynamic property App\Controllers\Arsip::$Arsip_model is deprecated in APPPATH\Controllers\Arsip.php on line 12.
 1 SYSTEMPATH\CodeIgniter.php(904): App\Controllers\Arsip->__construct()
 2 SYSTEMPATH\CodeIgniter.php(488): CodeIgniter\CodeIgniter->createController()
 3 SYSTEMPATH\CodeIgniter.php(366): CodeIgniter\CodeIgniter->handleRequest(null, Object(Config\Cache), false)
 4 FCPATH\index.php(67): CodeIgniter\CodeIgniter->run()
INFO - 2023-12-29 07:23:28 --> Session: Class initialized using 'CodeIgniter\Session\Handlers\FileHandler' driver.
WARNING - 2023-12-29 07:23:29 --> [DEPRECATED] Creation of dynamic property App\Controllers\User::$M_user is deprecated in APPPATH\Controllers\User.php on line 13.
 1 SYSTEMPATH\CodeIgniter.php(904): App\Controllers\User->__construct()
 2 SYSTEMPATH\CodeIgniter.php(488): CodeIgniter\CodeIgniter->createController()
 3 SYSTEMPATH\CodeIgniter.php(366): CodeIgniter\CodeIgniter->handleRequest(null, Object(Config\Cache), false)
 4 FCPATH\index.php(67): CodeIgniter\CodeIgniter->run()
WARNING - 2023-12-29 07:23:29 --> [DEPRECATED] Creation of dynamic property App\Controllers\User::$Departemen_model is deprecated in APPPATH\Controllers\User.php on line 14.
 1 SYSTEMPATH\CodeIgniter.php(904): App\Controllers\User->__construct()
 2 SYSTEMPATH\CodeIgniter.php(488): CodeIgniter\CodeIgniter->createController()
 3 SYSTEMPATH\CodeIgniter.php(366): CodeIgniter\CodeIgniter->handleRequest(null, Object(Config\Cache), false)
 4 FCPATH\index.php(67): CodeIgniter\CodeIgniter->run()
INFO - 2023-12-29 07:23:29 --> Session: Class initialized using 'CodeIgniter\Session\Handlers\FileHandler' driver.
WARNING - 2023-12-29 07:23:30 --> [DEPRECATED] Creation of dynamic property App\Controllers\Arsip::$Arsip_model is deprecated in APPPATH\Controllers\Arsip.php on line 12.
 1 SYSTEMPATH\CodeIgniter.php(904): App\Controllers\Arsip->__construct()
 2 SYSTEMPATH\CodeIgniter.php(488): CodeIgniter\CodeIgniter->createController()
 3 SYSTEMPATH\CodeIgniter.php(366): CodeIgniter\CodeIgniter->handleRequest(null, Object(Config\Cache), false)
 4 FCPATH\index.php(67): CodeIgniter\CodeIgniter->run()
INFO - 2023-12-29 07:23:30 --> Session: Class initialized using 'CodeIgniter\Session\Handlers\FileHandler' driver.
WARNING - 2023-12-29 07:26:17 --> [DEPRECATED] Creation of dynamic property App\Controllers\User::$M_user is deprecated in APPPATH\Controllers\User.php on line 13.
 1 SYSTEMPATH\CodeIgniter.php(904): App\Controllers\User->__construct()
 2 SYSTEMPATH\CodeIgniter.php(488): CodeIgniter\CodeIgniter->createController()
 3 SYSTEMPATH\CodeIgniter.php(366): CodeIgniter\CodeIgniter->handleRequest(null, Object(Config\Cache), false)
 4 FCPATH\index.php(67): CodeIgniter\CodeIgniter->run()
WARNING - 2023-12-29 07:26:17 --> [DEPRECATED] Creation of dynamic property App\Controllers\User::$Departemen_model is deprecated in APPPATH\Controllers\User.php on line 14.
 1 SYSTEMPATH\CodeIgniter.php(904): App\Controllers\User->__construct()
 2 SYSTEMPATH\CodeIgniter.php(488): CodeIgniter\CodeIgniter->createController()
 3 SYSTEMPATH\CodeIgniter.php(366): CodeIgniter\CodeIgniter->handleRequest(null, Object(Config\Cache), false)
 4 FCPATH\index.php(67): CodeIgniter\CodeIgniter->run()
INFO - 2023-12-29 07:26:17 --> Session: Class initialized using 'CodeIgniter\Session\Handlers\FileHandler' driver.
WARNING - 2023-12-29 07:26:18 --> [DEPRECATED] Creation of dynamic property App\Controllers\Arsip::$Arsip_model is deprecated in APPPATH\Controllers\Arsip.php on line 12.
 1 SYSTEMPATH\CodeIgniter.php(904): App\Controllers\Arsip->__construct()
 2 SYSTEMPATH\CodeIgniter.php(488): CodeIgniter\CodeIgniter->createController()
 3 SYSTEMPATH\CodeIgniter.php(366): CodeIgniter\CodeIgniter->handleRequest(null, Object(Config\Cache), false)
 4 FCPATH\index.php(67): CodeIgniter\CodeIgniter->run()
INFO - 2023-12-29 07:26:18 --> Session: Class initialized using 'CodeIgniter\Session\Handlers\FileHandler' driver.
WARNING - 2023-12-29 07:27:58 --> [DEPRECATED] Creation of dynamic property App\Controllers\Departemen::$Departemen_model is deprecated in APPPATH\Controllers\Departemen.php on line 12.
 1 SYSTEMPATH\CodeIgniter.php(904): App\Controllers\Departemen->__construct()
 2 SYSTEMPATH\CodeIgniter.php(488): CodeIgniter\CodeIgniter->createController()
 3 SYSTEMPATH\CodeIgniter.php(366): CodeIgniter\CodeIgniter->handleRequest(null, Object(Config\Cache), false)
 4 FCPATH\index.php(67): CodeIgniter\CodeIgniter->run()
INFO - 2023-12-29 07:27:58 --> Session: Class initialized using 'CodeIgniter\Session\Handlers\FileHandler' driver.
WARNING - 2023-12-29 07:27:58 --> [DEPRECATED] Creation of dynamic property App\Controllers\Arsip::$Arsip_model is deprecated in APPPATH\Controllers\Arsip.php on line 12.
 1 SYSTEMPATH\CodeIgniter.php(904): App\Controllers\Arsip->__construct()
 2 SYSTEMPATH\CodeIgniter.php(488): CodeIgniter\CodeIgniter->createController()
 3 SYSTEMPATH\CodeIgniter.php(366): CodeIgniter\CodeIgniter->handleRequest(null, Object(Config\Cache), false)
 4 FCPATH\index.php(67): CodeIgniter\CodeIgniter->run()
INFO - 2023-12-29 07:27:58 --> Session: Class initialized using 'CodeIgniter\Session\Handlers\FileHandler' driver.
WARNING - 2023-12-29 07:29:06 --> [DEPRECATED] Creation of dynamic property App\Controllers\Arsip::$Arsip_model is deprecated in APPPATH\Controllers\Arsip.php on line 12.
 1 SYSTEMPATH\CodeIgniter.php(904): App\Controllers\Arsip->__construct()
 2 SYSTEMPATH\CodeIgniter.php(488): CodeIgniter\CodeIgniter->createController()
 3 SYSTEMPATH\CodeIgniter.php(366): CodeIgniter\CodeIgniter->handleRequest(null, Object(Config\Cache), false)
 4 FCPATH\index.php(67): CodeIgniter\CodeIgniter->run()
CRITICAL - 2023-12-29 07:29:06 --> Undefined array key "id_user"
in APPPATH\Models\Arsip_model.php on line 32.
 1 APPPATH\Models\Arsip_model.php(32): CodeIgniter\Debug\Exceptions->errorHandler(2, 'Undefined array key "id_user"', 'C:\\xampp\\htdocs\\si5n_manda\\app\\Models\\Arsip_model.php', 32)
 2 APPPATH\Controllers\Arsip.php(31): App\Models\Arsip_model->hapus([...])
 3 SYSTEMPATH\CodeIgniter.php(932): App\Controllers\Arsip->hapus('1')
 4 SYSTEMPATH\CodeIgniter.php(497): CodeIgniter\CodeIgniter->runController(Object(App\Controllers\Arsip))
 5 SYSTEMPATH\CodeIgniter.php(366): CodeIgniter\CodeIgniter->handleRequest(null, Object(Config\Cache), false)
 6 FCPATH\index.php(67): CodeIgniter\CodeIgniter->run()
WARNING - 2023-12-29 07:29:39 --> [DEPRECATED] Creation of dynamic property App\Controllers\Arsip::$Arsip_model is deprecated in APPPATH\Controllers\Arsip.php on line 12.
 1 SYSTEMPATH\CodeIgniter.php(904): App\Controllers\Arsip->__construct()
 2 SYSTEMPATH\CodeIgniter.php(488): CodeIgniter\CodeIgniter->createController()
 3 SYSTEMPATH\CodeIgniter.php(366): CodeIgniter\CodeIgniter->handleRequest(null, Object(Config\Cache), false)
 4 FCPATH\index.php(67): CodeIgniter\CodeIgniter->run()
INFO - 2023-12-29 07:29:39 --> Session: Class initialized using 'CodeIgniter\Session\Handlers\FileHandler' driver.
WARNING - 2023-12-29 07:29:41 --> [DEPRECATED] Creation of dynamic property App\Controllers\User::$M_user is deprecated in APPPATH\Controllers\User.php on line 13.
 1 SYSTEMPATH\CodeIgniter.php(904): App\Controllers\User->__construct()
 2 SYSTEMPATH\CodeIgniter.php(488): CodeIgniter\CodeIgniter->createController()
 3 SYSTEMPATH\CodeIgniter.php(366): CodeIgniter\CodeIgniter->handleRequest(null, Object(Config\Cache), false)
 4 FCPATH\index.php(67): CodeIgniter\CodeIgniter->run()
WARNING - 2023-12-29 07:29:41 --> [DEPRECATED] Creation of dynamic property App\Controllers\User::$Departemen_model is deprecated in APPPATH\Controllers\User.php on line 14.
 1 SYSTEMPATH\CodeIgniter.php(904): App\Controllers\User->__construct()
 2 SYSTEMPATH\CodeIgniter.php(488): CodeIgniter\CodeIgniter->createController()
 3 SYSTEMPATH\CodeIgniter.php(366): CodeIgniter\CodeIgniter->handleRequest(null, Object(Config\Cache), false)
 4 FCPATH\index.php(67): CodeIgniter\CodeIgniter->run()
INFO - 2023-12-29 07:29:41 --> Session: Class initialized using 'CodeIgniter\Session\Handlers\FileHandler' driver.
WARNING - 2023-12-29 07:29:42 --> [DEPRECATED] Creation of dynamic property App\Controllers\Arsip::$Arsip_model is deprecated in APPPATH\Controllers\Arsip.php on line 12.
 1 SYSTEMPATH\CodeIgniter.php(904): App\Controllers\Arsip->__construct()
 2 SYSTEMPATH\CodeIgniter.php(488): CodeIgniter\CodeIgniter->createController()
 3 SYSTEMPATH\CodeIgniter.php(366): CodeIgniter\CodeIgniter->handleRequest(null, Object(Config\Cache), false)
 4 FCPATH\index.php(67): CodeIgniter\CodeIgniter->run()
INFO - 2023-12-29 07:29:42 --> Session: Class initialized using 'CodeIgniter\Session\Handlers\FileHandler' driver.
WARNING - 2023-12-29 07:29:43 --> [DEPRECATED] Creation of dynamic property App\Controllers\Arsip::$Arsip_model is deprecated in APPPATH\Controllers\Arsip.php on line 12.
 1 SYSTEMPATH\CodeIgniter.php(904): App\Controllers\Arsip->__construct()
 2 SYSTEMPATH\CodeIgniter.php(488): CodeIgniter\CodeIgniter->createController()
 3 SYSTEMPATH\CodeIgniter.php(366): CodeIgniter\CodeIgniter->handleRequest(null, Object(Config\Cache), false)
 4 FCPATH\index.php(67): CodeIgniter\CodeIgniter->run()
INFO - 2023-12-29 07:29:43 --> Session: Class initialized using 'CodeIgniter\Session\Handlers\FileHandler' driver.
WARNING - 2023-12-29 07:29:43 --> [DEPRECATED] Creation of dynamic property App\Controllers\Arsip::$Arsip_model is deprecated in APPPATH\Controllers\Arsip.php on line 12.
 1 SYSTEMPATH\CodeIgniter.php(904): App\Controllers\Arsip->__construct()
 2 SYSTEMPATH\CodeIgniter.php(488): CodeIgniter\CodeIgniter->createController()
 3 SYSTEMPATH\CodeIgniter.php(366): CodeIgniter\CodeIgniter->handleRequest(null, Object(Config\Cache), false)
 4 FCPATH\index.php(67): CodeIgniter\CodeIgniter->run()
INFO - 2023-12-29 07:29:43 --> Session: Class initialized using 'CodeIgniter\Session\Handlers\FileHandler' driver.
WARNING - 2023-12-29 07:30:43 --> [DEPRECATED] Creation of dynamic property App\Controllers\Arsip::$Arsip_model is deprecated in APPPATH\Controllers\Arsip.php on line 12.
 1 SYSTEMPATH\CodeIgniter.php(904): App\Controllers\Arsip->__construct()
 2 SYSTEMPATH\CodeIgniter.php(488): CodeIgniter\CodeIgniter->createController()
 3 SYSTEMPATH\CodeIgniter.php(366): CodeIgniter\CodeIgniter->handleRequest(null, Object(Config\Cache), false)
 4 FCPATH\index.php(67): CodeIgniter\CodeIgniter->run()
INFO - 2023-12-29 07:30:43 --> Session: Class initialized using 'CodeIgniter\Session\Handlers\FileHandler' driver.
WARNING - 2023-12-29 07:33:36 --> [DEPRECATED] Creation of dynamic property App\Controllers\User::$M_user is deprecated in APPPATH\Controllers\User.php on line 13.
 1 SYSTEMPATH\CodeIgniter.php(904): App\Controllers\User->__construct()
 2 SYSTEMPATH\CodeIgniter.php(488): CodeIgniter\CodeIgniter->createController()
 3 SYSTEMPATH\CodeIgniter.php(366): CodeIgniter\CodeIgniter->handleRequest(null, Object(Config\Cache), false)
 4 FCPATH\index.php(67): CodeIgniter\CodeIgniter->run()
WARNING - 2023-12-29 07:33:36 --> [DEPRECATED] Creation of dynamic property App\Controllers\User::$Departemen_model is deprecated in APPPATH\Controllers\User.php on line 14.
 1 SYSTEMPATH\CodeIgniter.php(904): App\Controllers\User->__construct()
 2 SYSTEMPATH\CodeIgniter.php(488): CodeIgniter\CodeIgniter->createController()
 3 SYSTEMPATH\CodeIgniter.php(366): CodeIgniter\CodeIgniter->handleRequest(null, Object(Config\Cache), false)
 4 FCPATH\index.php(67): CodeIgniter\CodeIgniter->run()
INFO - 2023-12-29 07:33:36 --> Session: Class initialized using 'CodeIgniter\Session\Handlers\FileHandler' driver.
WARNING - 2023-12-29 07:33:37 --> [DEPRECATED] Creation of dynamic property App\Controllers\Arsip::$Arsip_model is deprecated in APPPATH\Controllers\Arsip.php on line 12.
 1 SYSTEMPATH\CodeIgniter.php(904): App\Controllers\Arsip->__construct()
 2 SYSTEMPATH\CodeIgniter.php(488): CodeIgniter\CodeIgniter->createController()
 3 SYSTEMPATH\CodeIgniter.php(366): CodeIgniter\CodeIgniter->handleRequest(null, Object(Config\Cache), false)
 4 FCPATH\index.php(67): CodeIgniter\CodeIgniter->run()
INFO - 2023-12-29 07:33:37 --> Session: Class initialized using 'CodeIgniter\Session\Handlers\FileHandler' driver.
WARNING - 2023-12-29 07:33:39 --> [DEPRECATED] Creation of dynamic property App\Controllers\Arsip::$Arsip_model is deprecated in APPPATH\Controllers\Arsip.php on line 12.
 1 SYSTEMPATH\CodeIgniter.php(904): App\Controllers\Arsip->__construct()
 2 SYSTEMPATH\CodeIgniter.php(488): CodeIgniter\CodeIgniter->createController()
 3 SYSTEMPATH\CodeIgniter.php(366): CodeIgniter\CodeIgniter->handleRequest(null, Object(Config\Cache), false)
 4 FCPATH\index.php(67): CodeIgniter\CodeIgniter->run()
WARNING - 2023-12-29 07:33:41 --> [DEPRECATED] Creation of dynamic property App\Controllers\Arsip::$Arsip_model is deprecated in APPPATH\Controllers\Arsip.php on line 12.
 1 SYSTEMPATH\CodeIgniter.php(904): App\Controllers\Arsip->__construct()
 2 SYSTEMPATH\CodeIgniter.php(488): CodeIgniter\CodeIgniter->createController()
 3 SYSTEMPATH\CodeIgniter.php(366): CodeIgniter\CodeIgniter->handleRequest(null, Object(Config\Cache), false)
 4 FCPATH\index.php(67): CodeIgniter\CodeIgniter->run()
INFO - 2023-12-29 07:33:42 --> Session: Class initialized using 'CodeIgniter\Session\Handlers\FileHandler' driver.
WARNING - 2023-12-29 07:34:03 --> [DEPRECATED] Creation of dynamic property App\Controllers\Arsip::$Arsip_model is deprecated in APPPATH\Controllers\Arsip.php on line 12.
 1 SYSTEMPATH\CodeIgniter.php(904): App\Controllers\Arsip->__construct()
 2 SYSTEMPATH\CodeIgniter.php(488): CodeIgniter\CodeIgniter->createController()
 3 SYSTEMPATH\CodeIgniter.php(366): CodeIgniter\CodeIgniter->handleRequest(null, Object(Config\Cache), false)
 4 FCPATH\index.php(67): CodeIgniter\CodeIgniter->run()
WARNING - 2023-12-29 07:34:04 --> [DEPRECATED] Creation of dynamic property App\Controllers\Arsip::$Arsip_model is deprecated in APPPATH\Controllers\Arsip.php on line 12.
 1 SYSTEMPATH\CodeIgniter.php(904): App\Controllers\Arsip->__construct()
 2 SYSTEMPATH\CodeIgniter.php(488): CodeIgniter\CodeIgniter->createController()
 3 SYSTEMPATH\CodeIgniter.php(366): CodeIgniter\CodeIgniter->handleRequest(null, Object(Config\Cache), false)
 4 FCPATH\index.php(67): CodeIgniter\CodeIgniter->run()
INFO - 2023-12-29 07:34:04 --> Session: Class initialized using 'CodeIgniter\Session\Handlers\FileHandler' driver.
WARNING - 2023-12-29 07:40:40 --> [DEPRECATED] Creation of dynamic property App\Controllers\Arsip::$Arsip_model is deprecated in APPPATH\Controllers\Arsip.php on line 12.
 1 SYSTEMPATH\CodeIgniter.php(904): App\Controllers\Arsip->__construct()
 2 SYSTEMPATH\CodeIgniter.php(488): CodeIgniter\CodeIgniter->createController()
 3 SYSTEMPATH\CodeIgniter.php(366): CodeIgniter\CodeIgniter->handleRequest(null, Object(Config\Cache), false)
 4 FCPATH\index.php(67): CodeIgniter\CodeIgniter->run()
WARNING - 2023-12-29 07:40:43 --> [DEPRECATED] Creation of dynamic property App\Controllers\Arsip::$Arsip_model is deprecated in APPPATH\Controllers\Arsip.php on line 12.
 1 SYSTEMPATH\CodeIgniter.php(904): App\Controllers\Arsip->__construct()
 2 SYSTEMPATH\CodeIgniter.php(488): CodeIgniter\CodeIgniter->createController()
 3 SYSTEMPATH\CodeIgniter.php(366): CodeIgniter\CodeIgniter->handleRequest(null, Object(Config\Cache), false)
 4 FCPATH\index.php(67): CodeIgniter\CodeIgniter->run()
INFO - 2023-12-29 07:40:43 --> Session: Class initialized using 'CodeIgniter\Session\Handlers\FileHandler' driver.
WARNING - 2023-12-29 07:57:07 --> [DEPRECATED] Creation of dynamic property App\Controllers\Departemen::$Departemen_model is deprecated in APPPATH\Controllers\Departemen.php on line 12.
 1 SYSTEMPATH\CodeIgniter.php(904): App\Controllers\Departemen->__construct()
 2 SYSTEMPATH\CodeIgniter.php(488): CodeIgniter\CodeIgniter->createController()
 3 SYSTEMPATH\CodeIgniter.php(366): CodeIgniter\CodeIgniter->handleRequest(null, Object(Config\Cache), false)
 4 FCPATH\index.php(67): CodeIgniter\CodeIgniter->run()
INFO - 2023-12-29 07:57:07 --> Session: Class initialized using 'CodeIgniter\Session\Handlers\FileHandler' driver.
WARNING - 2023-12-29 07:57:08 --> [DEPRECATED] Creation of dynamic property App\Controllers\Arsip::$Arsip_model is deprecated in APPPATH\Controllers\Arsip.php on line 12.
 1 SYSTEMPATH\CodeIgniter.php(904): App\Controllers\Arsip->__construct()
 2 SYSTEMPATH\CodeIgniter.php(488): CodeIgniter\CodeIgniter->createController()
 3 SYSTEMPATH\CodeIgniter.php(366): CodeIgniter\CodeIgniter->handleRequest(null, Object(Config\Cache), false)
 4 FCPATH\index.php(67): CodeIgniter\CodeIgniter->run()
INFO - 2023-12-29 07:57:08 --> Session: Class initialized using 'CodeIgniter\Session\Handlers\FileHandler' driver.
WARNING - 2023-12-29 07:58:14 --> [DEPRECATED] Creation of dynamic property App\Controllers\Departemen::$Departemen_model is deprecated in APPPATH\Controllers\Departemen.php on line 12.
 1 SYSTEMPATH\CodeIgniter.php(904): App\Controllers\Departemen->__construct()
 2 SYSTEMPATH\CodeIgniter.php(488): CodeIgniter\CodeIgniter->createController()
 3 SYSTEMPATH\CodeIgniter.php(366): CodeIgniter\CodeIgniter->handleRequest(null, Object(Config\Cache), false)
 4 FCPATH\index.php(67): CodeIgniter\CodeIgniter->run()
INFO - 2023-12-29 07:58:14 --> Session: Class initialized using 'CodeIgniter\Session\Handlers\FileHandler' driver.
WARNING - 2023-12-29 07:58:14 --> [DEPRECATED] Creation of dynamic property App\Controllers\Arsip::$Arsip_model is deprecated in APPPATH\Controllers\Arsip.php on line 12.
 1 SYSTEMPATH\CodeIgniter.php(904): App\Controllers\Arsip->__construct()
 2 SYSTEMPATH\CodeIgniter.php(488): CodeIgniter\CodeIgniter->createController()
 3 SYSTEMPATH\CodeIgniter.php(366): CodeIgniter\CodeIgniter->handleRequest(null, Object(Config\Cache), false)
 4 FCPATH\index.php(67): CodeIgniter\CodeIgniter->run()
INFO - 2023-12-29 07:58:14 --> Session: Class initialized using 'CodeIgniter\Session\Handlers\FileHandler' driver.
WARNING - 2023-12-29 07:58:16 --> [DEPRECATED] Creation of dynamic property App\Controllers\Arsip::$Arsip_model is deprecated in APPPATH\Controllers\Arsip.php on line 12.
 1 SYSTEMPATH\CodeIgniter.php(904): App\Controllers\Arsip->__construct()
 2 SYSTEMPATH\CodeIgniter.php(488): CodeIgniter\CodeIgniter->createController()
 3 SYSTEMPATH\CodeIgniter.php(366): CodeIgniter\CodeIgniter->handleRequest(null, Object(Config\Cache), false)
 4 FCPATH\index.php(67): CodeIgniter\CodeIgniter->run()
INFO - 2023-12-29 07:58:16 --> Session: Class initialized using 'CodeIgniter\Session\Handlers\FileHandler' driver.
CRITICAL - 2023-12-29 07:58:16 --> Undefined variable $departemen
in APPPATH\Views\v_addarsip.php on line 49.
 1 APPPATH\Views\v_addarsip.php(49): CodeIgniter\Debug\Exceptions->errorHandler(2, 'Undefined variable $departemen', 'C:\\xampp\\htdocs\\si5n_manda\\app\\Views\\v_addarsip.php', 49)
 2 SYSTEMPATH\View\View.php(226): include('C:\\xampp\\htdocs\\si5n_manda\\app\\Views\\v_addarsip.php')
 3 SYSTEMPATH\View\View.php(229): CodeIgniter\View\View->CodeIgniter\View\{closure}()
 4 SYSTEMPATH\Common.php(1174): CodeIgniter\View\View->render('v_addarsip', [], true)
 5 APPPATH\Views\layout\v_konten.php(4): view('v_addarsip')
 6 SYSTEMPATH\View\View.php(226): include('C:\\xampp\\htdocs\\si5n_manda\\app\\Views\\layout\\v_konten.php')
 7 SYSTEMPATH\View\View.php(229): CodeIgniter\View\View->CodeIgniter\View\{closure}()
 8 SYSTEMPATH\Common.php(1174): CodeIgniter\View\View->render('layout/v_konten.php', [], true)
 9 APPPATH\Views\layout\v_gabung.php(6): view('layout/v_konten.php')
10 SYSTEMPATH\View\View.php(226): include('C:\\xampp\\htdocs\\si5n_manda\\app\\Views\\layout\\v_gabung.php')
11 SYSTEMPATH\View\View.php(229): CodeIgniter\View\View->CodeIgniter\View\{closure}()
12 SYSTEMPATH\Common.php(1174): CodeIgniter\View\View->render('layout/v_gabung', [], true)
13 APPPATH\Controllers\Arsip.php(31): view('layout/v_gabung', [...])
14 SYSTEMPATH\CodeIgniter.php(932): App\Controllers\Arsip->tambah()
15 SYSTEMPATH\CodeIgniter.php(497): CodeIgniter\CodeIgniter->runController(Object(App\Controllers\Arsip))
16 SYSTEMPATH\CodeIgniter.php(366): CodeIgniter\CodeIgniter->handleRequest(null, Object(Config\Cache), false)
17 FCPATH\index.php(67): CodeIgniter\CodeIgniter->run()
WARNING - 2023-12-29 07:59:01 --> [DEPRECATED] Creation of dynamic property App\Controllers\Arsip::$Arsip_model is deprecated in APPPATH\Controllers\Arsip.php on line 12.
 1 SYSTEMPATH\CodeIgniter.php(904): App\Controllers\Arsip->__construct()
 2 SYSTEMPATH\CodeIgniter.php(488): CodeIgniter\CodeIgniter->createController()
 3 SYSTEMPATH\CodeIgniter.php(366): CodeIgniter\CodeIgniter->handleRequest(null, Object(Config\Cache), false)
 4 FCPATH\index.php(67): CodeIgniter\CodeIgniter->run()
INFO - 2023-12-29 07:59:01 --> Session: Class initialized using 'CodeIgniter\Session\Handlers\FileHandler' driver.
CRITICAL - 2023-12-29 07:59:01 --> Undefined variable $arsip
in APPPATH\Views\v_addarsip.php on line 49.
 1 APPPATH\Views\v_addarsip.php(49): CodeIgniter\Debug\Exceptions->errorHandler(2, 'Undefined variable $arsip', 'C:\\xampp\\htdocs\\si5n_manda\\app\\Views\\v_addarsip.php', 49)
 2 SYSTEMPATH\View\View.php(226): include('C:\\xampp\\htdocs\\si5n_manda\\app\\Views\\v_addarsip.php')
 3 SYSTEMPATH\View\View.php(229): CodeIgniter\View\View->CodeIgniter\View\{closure}()
 4 SYSTEMPATH\Common.php(1174): CodeIgniter\View\View->render('v_addarsip', [], true)
 5 APPPATH\Views\layout\v_konten.php(4): view('v_addarsip')
 6 SYSTEMPATH\View\View.php(226): include('C:\\xampp\\htdocs\\si5n_manda\\app\\Views\\layout\\v_konten.php')
 7 SYSTEMPATH\View\View.php(229): CodeIgniter\View\View->CodeIgniter\View\{closure}()
 8 SYSTEMPATH\Common.php(1174): CodeIgniter\View\View->render('layout/v_konten.php', [], true)
 9 APPPATH\Views\layout\v_gabung.php(6): view('layout/v_konten.php')
10 SYSTEMPATH\View\View.php(226): include('C:\\xampp\\htdocs\\si5n_manda\\app\\Views\\layout\\v_gabung.php')
11 SYSTEMPATH\View\View.php(229): CodeIgniter\View\View->CodeIgniter\View\{closure}()
12 SYSTEMPATH\Common.php(1174): CodeIgniter\View\View->render('layout/v_gabung', [], true)
13 APPPATH\Controllers\Arsip.php(31): view('layout/v_gabung', [...])
14 SYSTEMPATH\CodeIgniter.php(932): App\Controllers\Arsip->tambah()
15 SYSTEMPATH\CodeIgniter.php(497): CodeIgniter\CodeIgniter->runController(Object(App\Controllers\Arsip))
16 SYSTEMPATH\CodeIgniter.php(366): CodeIgniter\CodeIgniter->handleRequest(null, Object(Config\Cache), false)
17 FCPATH\index.php(67): CodeIgniter\CodeIgniter->run()
WARNING - 2023-12-29 07:59:02 --> [DEPRECATED] Creation of dynamic property App\Controllers\Arsip::$Arsip_model is deprecated in APPPATH\Controllers\Arsip.php on line 12.
 1 SYSTEMPATH\CodeIgniter.php(904): App\Controllers\Arsip->__construct()
 2 SYSTEMPATH\CodeIgniter.php(488): CodeIgniter\CodeIgniter->createController()
 3 SYSTEMPATH\CodeIgniter.php(366): CodeIgniter\CodeIgniter->handleRequest(null, Object(Config\Cache), false)
 4 FCPATH\index.php(67): CodeIgniter\CodeIgniter->run()
INFO - 2023-12-29 07:59:02 --> Session: Class initialized using 'CodeIgniter\Session\Handlers\FileHandler' driver.
WARNING - 2023-12-29 08:01:53 --> [DEPRECATED] Creation of dynamic property App\Controllers\User::$M_user is deprecated in APPPATH\Controllers\User.php on line 13.
 1 SYSTEMPATH\CodeIgniter.php(904): App\Controllers\User->__construct()
 2 SYSTEMPATH\CodeIgniter.php(488): CodeIgniter\CodeIgniter->createController()
 3 SYSTEMPATH\CodeIgniter.php(366): CodeIgniter\CodeIgniter->handleRequest(null, Object(Config\Cache), false)
 4 FCPATH\index.php(67): CodeIgniter\CodeIgniter->run()
WARNING - 2023-12-29 08:01:53 --> [DEPRECATED] Creation of dynamic property App\Controllers\User::$Departemen_model is deprecated in APPPATH\Controllers\User.php on line 14.
 1 SYSTEMPATH\CodeIgniter.php(904): App\Controllers\User->__construct()
 2 SYSTEMPATH\CodeIgniter.php(488): CodeIgniter\CodeIgniter->createController()
 3 SYSTEMPATH\CodeIgniter.php(366): CodeIgniter\CodeIgniter->handleRequest(null, Object(Config\Cache), false)
 4 FCPATH\index.php(67): CodeIgniter\CodeIgniter->run()
INFO - 2023-12-29 08:01:53 --> Session: Class initialized using 'CodeIgniter\Session\Handlers\FileHandler' driver.
WARNING - 2023-12-29 08:01:54 --> [DEPRECATED] Creation of dynamic property App\Controllers\Arsip::$Arsip_model is deprecated in APPPATH\Controllers\Arsip.php on line 12.
 1 SYSTEMPATH\CodeIgniter.php(904): App\Controllers\Arsip->__construct()
 2 SYSTEMPATH\CodeIgniter.php(488): CodeIgniter\CodeIgniter->createController()
 3 SYSTEMPATH\CodeIgniter.php(366): CodeIgniter\CodeIgniter->handleRequest(null, Object(Config\Cache), false)
 4 FCPATH\index.php(67): CodeIgniter\CodeIgniter->run()
INFO - 2023-12-29 08:01:54 --> Session: Class initialized using 'CodeIgniter\Session\Handlers\FileHandler' driver.
WARNING - 2023-12-29 08:01:56 --> [DEPRECATED] Creation of dynamic property App\Controllers\Arsip::$Arsip_model is deprecated in APPPATH\Controllers\Arsip.php on line 12.
 1 SYSTEMPATH\CodeIgniter.php(904): App\Controllers\Arsip->__construct()
 2 SYSTEMPATH\CodeIgniter.php(488): CodeIgniter\CodeIgniter->createController()
 3 SYSTEMPATH\CodeIgniter.php(366): CodeIgniter\CodeIgniter->handleRequest(null, Object(Config\Cache), false)
 4 FCPATH\index.php(67): CodeIgniter\CodeIgniter->run()
INFO - 2023-12-29 08:01:56 --> Session: Class initialized using 'CodeIgniter\Session\Handlers\FileHandler' driver.
CRITICAL - 2023-12-29 08:01:56 --> Undefined variable $departemen
in APPPATH\Views\v_addarsip.php on line 49.
 1 APPPATH\Views\v_addarsip.php(49): CodeIgniter\Debug\Exceptions->errorHandler(2, 'Undefined variable $departemen', 'C:\\xampp\\htdocs\\si5n_manda\\app\\Views\\v_addarsip.php', 49)
 2 SYSTEMPATH\View\View.php(226): include('C:\\xampp\\htdocs\\si5n_manda\\app\\Views\\v_addarsip.php')
 3 SYSTEMPATH\View\View.php(229): CodeIgniter\View\View->CodeIgniter\View\{closure}()
 4 SYSTEMPATH\Common.php(1174): CodeIgniter\View\View->render('v_addarsip', [], true)
 5 APPPATH\Views\layout\v_konten.php(4): view('v_addarsip')
 6 SYSTEMPATH\View\View.php(226): include('C:\\xampp\\htdocs\\si5n_manda\\app\\Views\\layout\\v_konten.php')
 7 SYSTEMPATH\View\View.php(229): CodeIgniter\View\View->CodeIgniter\View\{closure}()
 8 SYSTEMPATH\Common.php(1174): CodeIgniter\View\View->render('layout/v_konten.php', [], true)
 9 APPPATH\Views\layout\v_gabung.php(6): view('layout/v_konten.php')
10 SYSTEMPATH\View\View.php(226): include('C:\\xampp\\htdocs\\si5n_manda\\app\\Views\\layout\\v_gabung.php')
11 SYSTEMPATH\View\View.php(229): CodeIgniter\View\View->CodeIgniter\View\{closure}()
12 SYSTEMPATH\Common.php(1174): CodeIgniter\View\View->render('layout/v_gabung', [], true)
13 APPPATH\Controllers\Arsip.php(31): view('layout/v_gabung', [...])
14 SYSTEMPATH\CodeIgniter.php(932): App\Controllers\Arsip->tambah()
15 SYSTEMPATH\CodeIgniter.php(497): CodeIgniter\CodeIgniter->runController(Object(App\Controllers\Arsip))
16 SYSTEMPATH\CodeIgniter.php(366): CodeIgniter\CodeIgniter->handleRequest(null, Object(Config\Cache), false)
17 FCPATH\index.php(67): CodeIgniter\CodeIgniter->run()
WARNING - 2023-12-29 08:02:04 --> [DEPRECATED] Creation of dynamic property App\Controllers\Arsip::$Arsip_model is deprecated in APPPATH\Controllers\Arsip.php on line 12.
 1 SYSTEMPATH\CodeIgniter.php(904): App\Controllers\Arsip->__construct()
 2 SYSTEMPATH\CodeIgniter.php(488): CodeIgniter\CodeIgniter->createController()
 3 SYSTEMPATH\CodeIgniter.php(366): CodeIgniter\CodeIgniter->handleRequest(null, Object(Config\Cache), false)
 4 FCPATH\index.php(67): CodeIgniter\CodeIgniter->run()
INFO - 2023-12-29 08:02:04 --> Session: Class initialized using 'CodeIgniter\Session\Handlers\FileHandler' driver.
WARNING - 2023-12-29 08:08:47 --> [DEPRECATED] Creation of dynamic property App\Controllers\Departemen::$Departemen_model is deprecated in APPPATH\Controllers\Departemen.php on line 12.
 1 SYSTEMPATH\CodeIgniter.php(904): App\Controllers\Departemen->__construct()
 2 SYSTEMPATH\CodeIgniter.php(488): CodeIgniter\CodeIgniter->createController()
 3 SYSTEMPATH\CodeIgniter.php(366): CodeIgniter\CodeIgniter->handleRequest(null, Object(Config\Cache), false)
 4 FCPATH\index.php(67): CodeIgniter\CodeIgniter->run()
INFO - 2023-12-29 08:08:48 --> Session: Class initialized using 'CodeIgniter\Session\Handlers\FileHandler' driver.
WARNING - 2023-12-29 08:08:48 --> [DEPRECATED] Creation of dynamic property App\Controllers\Arsip::$Arsip_model is deprecated in APPPATH\Controllers\Arsip.php on line 12.
 1 SYSTEMPATH\CodeIgniter.php(904): App\Controllers\Arsip->__construct()
 2 SYSTEMPATH\CodeIgniter.php(488): CodeIgniter\CodeIgniter->createController()
 3 SYSTEMPATH\CodeIgniter.php(366): CodeIgniter\CodeIgniter->handleRequest(null, Object(Config\Cache), false)
 4 FCPATH\index.php(67): CodeIgniter\CodeIgniter->run()
INFO - 2023-12-29 08:08:48 --> Session: Class initialized using 'CodeIgniter\Session\Handlers\FileHandler' driver.
WARNING - 2023-12-29 08:08:49 --> [DEPRECATED] Creation of dynamic property App\Controllers\Arsip::$Arsip_model is deprecated in APPPATH\Controllers\Arsip.php on line 12.
 1 SYSTEMPATH\CodeIgniter.php(904): App\Controllers\Arsip->__construct()
 2 SYSTEMPATH\CodeIgniter.php(488): CodeIgniter\CodeIgniter->createController()
 3 SYSTEMPATH\CodeIgniter.php(366): CodeIgniter\CodeIgniter->handleRequest(null, Object(Config\Cache), false)
 4 FCPATH\index.php(67): CodeIgniter\CodeIgniter->run()
INFO - 2023-12-29 08:08:49 --> Session: Class initialized using 'CodeIgniter\Session\Handlers\FileHandler' driver.
CRITICAL - 2023-12-29 08:08:49 --> Undefined variable $departemen
in APPPATH\Views\v_addarsip.php on line 38.
 1 APPPATH\Views\v_addarsip.php(38): CodeIgniter\Debug\Exceptions->errorHandler(2, 'Undefined variable $departemen', 'C:\\xampp\\htdocs\\si5n_manda\\app\\Views\\v_addarsip.php', 38)
 2 SYSTEMPATH\View\View.php(226): include('C:\\xampp\\htdocs\\si5n_manda\\app\\Views\\v_addarsip.php')
 3 SYSTEMPATH\View\View.php(229): CodeIgniter\View\View->CodeIgniter\View\{closure}()
 4 SYSTEMPATH\Common.php(1174): CodeIgniter\View\View->render('v_addarsip', [], true)
 5 APPPATH\Views\layout\v_konten.php(4): view('v_addarsip')
 6 SYSTEMPATH\View\View.php(226): include('C:\\xampp\\htdocs\\si5n_manda\\app\\Views\\layout\\v_konten.php')
 7 SYSTEMPATH\View\View.php(229): CodeIgniter\View\View->CodeIgniter\View\{closure}()
 8 SYSTEMPATH\Common.php(1174): CodeIgniter\View\View->render('layout/v_konten.php', [], true)
 9 APPPATH\Views\layout\v_gabung.php(6): view('layout/v_konten.php')
10 SYSTEMPATH\View\View.php(226): include('C:\\xampp\\htdocs\\si5n_manda\\app\\Views\\layout\\v_gabung.php')
11 SYSTEMPATH\View\View.php(229): CodeIgniter\View\View->CodeIgniter\View\{closure}()
12 SYSTEMPATH\Common.php(1174): CodeIgniter\View\View->render('layout/v_gabung', [], true)
13 APPPATH\Controllers\Arsip.php(31): view('layout/v_gabung', [...])
14 SYSTEMPATH\CodeIgniter.php(932): App\Controllers\Arsip->tambah()
15 SYSTEMPATH\CodeIgniter.php(497): CodeIgniter\CodeIgniter->runController(Object(App\Controllers\Arsip))
16 SYSTEMPATH\CodeIgniter.php(366): CodeIgniter\CodeIgniter->handleRequest(null, Object(Config\Cache), false)
17 FCPATH\index.php(67): CodeIgniter\CodeIgniter->run()
WARNING - 2023-12-29 08:08:52 --> [DEPRECATED] Creation of dynamic property App\Controllers\Arsip::$Arsip_model is deprecated in APPPATH\Controllers\Arsip.php on line 12.
 1 SYSTEMPATH\CodeIgniter.php(904): App\Controllers\Arsip->__construct()
 2 SYSTEMPATH\CodeIgniter.php(488): CodeIgniter\CodeIgniter->createController()
 3 SYSTEMPATH\CodeIgniter.php(366): CodeIgniter\CodeIgniter->handleRequest(null, Object(Config\Cache), false)
 4 FCPATH\index.php(67): CodeIgniter\CodeIgniter->run()
INFO - 2023-12-29 08:08:52 --> Session: Class initialized using 'CodeIgniter\Session\Handlers\FileHandler' driver.
WARNING - 2023-12-29 08:12:36 --> [DEPRECATED] Creation of dynamic property App\Controllers\Departemen::$Departemen_model is deprecated in APPPATH\Controllers\Departemen.php on line 12.
 1 SYSTEMPATH\CodeIgniter.php(904): App\Controllers\Departemen->__construct()
 2 SYSTEMPATH\CodeIgniter.php(488): CodeIgniter\CodeIgniter->createController()
 3 SYSTEMPATH\CodeIgniter.php(366): CodeIgniter\CodeIgniter->handleRequest(null, Object(Config\Cache), false)
 4 FCPATH\index.php(67): CodeIgniter\CodeIgniter->run()
INFO - 2023-12-29 08:12:36 --> Session: Class initialized using 'CodeIgniter\Session\Handlers\FileHandler' driver.
WARNING - 2023-12-29 08:12:36 --> [DEPRECATED] Creation of dynamic property App\Controllers\Arsip::$Arsip_model is deprecated in APPPATH\Controllers\Arsip.php on line 12.
 1 SYSTEMPATH\CodeIgniter.php(904): App\Controllers\Arsip->__construct()
 2 SYSTEMPATH\CodeIgniter.php(488): CodeIgniter\CodeIgniter->createController()
 3 SYSTEMPATH\CodeIgniter.php(366): CodeIgniter\CodeIgniter->handleRequest(null, Object(Config\Cache), false)
 4 FCPATH\index.php(67): CodeIgniter\CodeIgniter->run()
INFO - 2023-12-29 08:12:36 --> Session: Class initialized using 'CodeIgniter\Session\Handlers\FileHandler' driver.
WARNING - 2023-12-29 08:12:45 --> [DEPRECATED] Creation of dynamic property App\Controllers\User::$M_user is deprecated in APPPATH\Controllers\User.php on line 13.
 1 SYSTEMPATH\CodeIgniter.php(904): App\Controllers\User->__construct()
 2 SYSTEMPATH\CodeIgniter.php(488): CodeIgniter\CodeIgniter->createController()
 3 SYSTEMPATH\CodeIgniter.php(366): CodeIgniter\CodeIgniter->handleRequest(null, Object(Config\Cache), false)
 4 FCPATH\index.php(67): CodeIgniter\CodeIgniter->run()
WARNING - 2023-12-29 08:12:45 --> [DEPRECATED] Creation of dynamic property App\Controllers\User::$Departemen_model is deprecated in APPPATH\Controllers\User.php on line 14.
 1 SYSTEMPATH\CodeIgniter.php(904): App\Controllers\User->__construct()
 2 SYSTEMPATH\CodeIgniter.php(488): CodeIgniter\CodeIgniter->createController()
 3 SYSTEMPATH\CodeIgniter.php(366): CodeIgniter\CodeIgniter->handleRequest(null, Object(Config\Cache), false)
 4 FCPATH\index.php(67): CodeIgniter\CodeIgniter->run()
INFO - 2023-12-29 08:12:45 --> Session: Class initialized using 'CodeIgniter\Session\Handlers\FileHandler' driver.
WARNING - 2023-12-29 08:12:46 --> [DEPRECATED] Creation of dynamic property App\Controllers\Arsip::$Arsip_model is deprecated in APPPATH\Controllers\Arsip.php on line 12.
 1 SYSTEMPATH\CodeIgniter.php(904): App\Controllers\Arsip->__construct()
 2 SYSTEMPATH\CodeIgniter.php(488): CodeIgniter\CodeIgniter->createController()
 3 SYSTEMPATH\CodeIgniter.php(366): CodeIgniter\CodeIgniter->handleRequest(null, Object(Config\Cache), false)
 4 FCPATH\index.php(67): CodeIgniter\CodeIgniter->run()
INFO - 2023-12-29 08:12:46 --> Session: Class initialized using 'CodeIgniter\Session\Handlers\FileHandler' driver.
WARNING - 2023-12-29 08:12:47 --> [DEPRECATED] Creation of dynamic property App\Controllers\Arsip::$Arsip_model is deprecated in APPPATH\Controllers\Arsip.php on line 12.
 1 SYSTEMPATH\CodeIgniter.php(904): App\Controllers\Arsip->__construct()
 2 SYSTEMPATH\CodeIgniter.php(488): CodeIgniter\CodeIgniter->createController()
 3 SYSTEMPATH\CodeIgniter.php(366): CodeIgniter\CodeIgniter->handleRequest(null, Object(Config\Cache), false)
 4 FCPATH\index.php(67): CodeIgniter\CodeIgniter->run()
INFO - 2023-12-29 08:12:47 --> Session: Class initialized using 'CodeIgniter\Session\Handlers\FileHandler' driver.
CRITICAL - 2023-12-29 08:12:47 --> Undefined variable $kategori
in APPPATH\Views\v_addarsip.php on line 38.
 1 APPPATH\Views\v_addarsip.php(38): CodeIgniter\Debug\Exceptions->errorHandler(2, 'Undefined variable $kategori', 'C:\\xampp\\htdocs\\si5n_manda\\app\\Views\\v_addarsip.php', 38)
 2 SYSTEMPATH\View\View.php(226): include('C:\\xampp\\htdocs\\si5n_manda\\app\\Views\\v_addarsip.php')
 3 SYSTEMPATH\View\View.php(229): CodeIgniter\View\View->CodeIgniter\View\{closure}()
 4 SYSTEMPATH\Common.php(1174): CodeIgniter\View\View->render('v_addarsip', [], true)
 5 APPPATH\Views\layout\v_konten.php(4): view('v_addarsip')
 6 SYSTEMPATH\View\View.php(226): include('C:\\xampp\\htdocs\\si5n_manda\\app\\Views\\layout\\v_konten.php')
 7 SYSTEMPATH\View\View.php(229): CodeIgniter\View\View->CodeIgniter\View\{closure}()
 8 SYSTEMPATH\Common.php(1174): CodeIgniter\View\View->render('layout/v_konten.php', [], true)
 9 APPPATH\Views\layout\v_gabung.php(6): view('layout/v_konten.php')
10 SYSTEMPATH\View\View.php(226): include('C:\\xampp\\htdocs\\si5n_manda\\app\\Views\\layout\\v_gabung.php')
11 SYSTEMPATH\View\View.php(229): CodeIgniter\View\View->CodeIgniter\View\{closure}()
12 SYSTEMPATH\Common.php(1174): CodeIgniter\View\View->render('layout/v_gabung', [], true)
13 APPPATH\Controllers\Arsip.php(31): view('layout/v_gabung', [...])
14 SYSTEMPATH\CodeIgniter.php(932): App\Controllers\Arsip->tambah()
15 SYSTEMPATH\CodeIgniter.php(497): CodeIgniter\CodeIgniter->runController(Object(App\Controllers\Arsip))
16 SYSTEMPATH\CodeIgniter.php(366): CodeIgniter\CodeIgniter->handleRequest(null, Object(Config\Cache), false)
17 FCPATH\index.php(67): CodeIgniter\CodeIgniter->run()
WARNING - 2023-12-29 08:12:50 --> [DEPRECATED] Creation of dynamic property App\Controllers\Arsip::$Arsip_model is deprecated in APPPATH\Controllers\Arsip.php on line 12.
 1 SYSTEMPATH\CodeIgniter.php(904): App\Controllers\Arsip->__construct()
 2 SYSTEMPATH\CodeIgniter.php(488): CodeIgniter\CodeIgniter->createController()
 3 SYSTEMPATH\CodeIgniter.php(366): CodeIgniter\CodeIgniter->handleRequest(null, Object(Config\Cache), false)
 4 FCPATH\index.php(67): CodeIgniter\CodeIgniter->run()
INFO - 2023-12-29 08:12:50 --> Session: Class initialized using 'CodeIgniter\Session\Handlers\FileHandler' driver.
WARNING - 2023-12-29 08:13:02 --> [DEPRECATED] Creation of dynamic property App\Controllers\Arsip::$Arsip_model is deprecated in APPPATH\Controllers\Arsip.php on line 12.
 1 SYSTEMPATH\CodeIgniter.php(904): App\Controllers\Arsip->__construct()
 2 SYSTEMPATH\CodeIgniter.php(488): CodeIgniter\CodeIgniter->createController()
 3 SYSTEMPATH\CodeIgniter.php(366): CodeIgniter\CodeIgniter->handleRequest(null, Object(Config\Cache), false)
 4 FCPATH\index.php(67): CodeIgniter\CodeIgniter->run()
INFO - 2023-12-29 08:13:02 --> Session: Class initialized using 'CodeIgniter\Session\Handlers\FileHandler' driver.
CRITICAL - 2023-12-29 08:13:02 --> Undefined variable $kategori
in APPPATH\Views\v_addarsip.php on line 38.
 1 APPPATH\Views\v_addarsip.php(38): CodeIgniter\Debug\Exceptions->errorHandler(2, 'Undefined variable $kategori', 'C:\\xampp\\htdocs\\si5n_manda\\app\\Views\\v_addarsip.php', 38)
 2 SYSTEMPATH\View\View.php(226): include('C:\\xampp\\htdocs\\si5n_manda\\app\\Views\\v_addarsip.php')
 3 SYSTEMPATH\View\View.php(229): CodeIgniter\View\View->CodeIgniter\View\{closure}()
 4 SYSTEMPATH\Common.php(1174): CodeIgniter\View\View->render('v_addarsip', [], true)
 5 APPPATH\Views\layout\v_konten.php(4): view('v_addarsip')
 6 SYSTEMPATH\View\View.php(226): include('C:\\xampp\\htdocs\\si5n_manda\\app\\Views\\layout\\v_konten.php')
 7 SYSTEMPATH\View\View.php(229): CodeIgniter\View\View->CodeIgniter\View\{closure}()
 8 SYSTEMPATH\Common.php(1174): CodeIgniter\View\View->render('layout/v_konten.php', [], true)
 9 APPPATH\Views\layout\v_gabung.php(6): view('layout/v_konten.php')
10 SYSTEMPATH\View\View.php(226): include('C:\\xampp\\htdocs\\si5n_manda\\app\\Views\\layout\\v_gabung.php')
11 SYSTEMPATH\View\View.php(229): CodeIgniter\View\View->CodeIgniter\View\{closure}()
12 SYSTEMPATH\Common.php(1174): CodeIgniter\View\View->render('layout/v_gabung', [], true)
13 APPPATH\Controllers\Arsip.php(31): view('layout/v_gabung', [...])
14 SYSTEMPATH\CodeIgniter.php(932): App\Controllers\Arsip->tambah()
15 SYSTEMPATH\CodeIgniter.php(497): CodeIgniter\CodeIgniter->runController(Object(App\Controllers\Arsip))
16 SYSTEMPATH\CodeIgniter.php(366): CodeIgniter\CodeIgniter->handleRequest(null, Object(Config\Cache), false)
17 FCPATH\index.php(67): CodeIgniter\CodeIgniter->run()
WARNING - 2023-12-29 08:13:06 --> [DEPRECATED] Creation of dynamic property App\Controllers\Arsip::$Arsip_model is deprecated in APPPATH\Controllers\Arsip.php on line 12.
 1 SYSTEMPATH\CodeIgniter.php(904): App\Controllers\Arsip->__construct()
 2 SYSTEMPATH\CodeIgniter.php(488): CodeIgniter\CodeIgniter->createController()
 3 SYSTEMPATH\CodeIgniter.php(366): CodeIgniter\CodeIgniter->handleRequest(null, Object(Config\Cache), false)
 4 FCPATH\index.php(67): CodeIgniter\CodeIgniter->run()
INFO - 2023-12-29 08:13:06 --> Session: Class initialized using 'CodeIgniter\Session\Handlers\FileHandler' driver.
WARNING - 2023-12-29 08:16:28 --> [DEPRECATED] Creation of dynamic property App\Controllers\Arsip::$Arsip_model is deprecated in APPPATH\Controllers\Arsip.php on line 12.
 1 SYSTEMPATH\CodeIgniter.php(904): App\Controllers\Arsip->__construct()
 2 SYSTEMPATH\CodeIgniter.php(488): CodeIgniter\CodeIgniter->createController()
 3 SYSTEMPATH\CodeIgniter.php(366): CodeIgniter\CodeIgniter->handleRequest(null, Object(Config\Cache), false)
 4 FCPATH\index.php(67): CodeIgniter\CodeIgniter->run()
INFO - 2023-12-29 08:16:28 --> Session: Class initialized using 'CodeIgniter\Session\Handlers\FileHandler' driver.
WARNING - 2023-12-29 08:16:30 --> [DEPRECATED] Creation of dynamic property App\Controllers\Arsip::$Arsip_model is deprecated in APPPATH\Controllers\Arsip.php on line 12.
 1 SYSTEMPATH\CodeIgniter.php(904): App\Controllers\Arsip->__construct()
 2 SYSTEMPATH\CodeIgniter.php(488): CodeIgniter\CodeIgniter->createController()
 3 SYSTEMPATH\CodeIgniter.php(366): CodeIgniter\CodeIgniter->handleRequest(null, Object(Config\Cache), false)
 4 FCPATH\index.php(67): CodeIgniter\CodeIgniter->run()
CRITICAL - 2023-12-29 08:16:30 --> Undefined property: App\Controllers\Arsip::$Kategori_model
in APPPATH\Controllers\Arsip.php on line 29.
 1 APPPATH\Controllers\Arsip.php(29): CodeIgniter\Debug\Exceptions->errorHandler(2, 'Undefined property: App\\Controllers\\Arsip::$Kategori_model', 'C:\\xampp\\htdocs\\si5n_manda\\app\\Controllers\\Arsip.php', 29)
 2 SYSTEMPATH\CodeIgniter.php(932): App\Controllers\Arsip->tambah()
 3 SYSTEMPATH\CodeIgniter.php(497): CodeIgniter\CodeIgniter->runController(Object(App\Controllers\Arsip))
 4 SYSTEMPATH\CodeIgniter.php(366): CodeIgniter\CodeIgniter->handleRequest(null, Object(Config\Cache), false)
 5 FCPATH\index.php(67): CodeIgniter\CodeIgniter->run()
WARNING - 2023-12-29 08:17:22 --> [DEPRECATED] Creation of dynamic property App\Controllers\Arsip::$Arsip_model is deprecated in APPPATH\Controllers\Arsip.php on line 14.
 1 SYSTEMPATH\CodeIgniter.php(904): App\Controllers\Arsip->__construct()
 2 SYSTEMPATH\CodeIgniter.php(488): CodeIgniter\CodeIgniter->createController()
 3 SYSTEMPATH\CodeIgniter.php(366): CodeIgniter\CodeIgniter->handleRequest(null, Object(Config\Cache), false)
 4 FCPATH\index.php(67): CodeIgniter\CodeIgniter->run()
WARNING - 2023-12-29 08:17:22 --> [DEPRECATED] Creation of dynamic property App\Controllers\Arsip::$Kategori_model is deprecated in APPPATH\Controllers\Arsip.php on line 15.
 1 SYSTEMPATH\CodeIgniter.php(904): App\Controllers\Arsip->__construct()
 2 SYSTEMPATH\CodeIgniter.php(488): CodeIgniter\CodeIgniter->createController()
 3 SYSTEMPATH\CodeIgniter.php(366): CodeIgniter\CodeIgniter->handleRequest(null, Object(Config\Cache), false)
 4 FCPATH\index.php(67): CodeIgniter\CodeIgniter->run()
INFO - 2023-12-29 08:17:22 --> Session: Class initialized using 'CodeIgniter\Session\Handlers\FileHandler' driver.
WARNING - 2023-12-29 08:17:23 --> [DEPRECATED] Creation of dynamic property App\Controllers\Arsip::$Arsip_model is deprecated in APPPATH\Controllers\Arsip.php on line 14.
 1 SYSTEMPATH\CodeIgniter.php(904): App\Controllers\Arsip->__construct()
 2 SYSTEMPATH\CodeIgniter.php(488): CodeIgniter\CodeIgniter->createController()
 3 SYSTEMPATH\CodeIgniter.php(366): CodeIgniter\CodeIgniter->handleRequest(null, Object(Config\Cache), false)
 4 FCPATH\index.php(67): CodeIgniter\CodeIgniter->run()
WARNING - 2023-12-29 08:17:23 --> [DEPRECATED] Creation of dynamic property App\Controllers\Arsip::$Kategori_model is deprecated in APPPATH\Controllers\Arsip.php on line 15.
 1 SYSTEMPATH\CodeIgniter.php(904): App\Controllers\Arsip->__construct()
 2 SYSTEMPATH\CodeIgniter.php(488): CodeIgniter\CodeIgniter->createController()
 3 SYSTEMPATH\CodeIgniter.php(366): CodeIgniter\CodeIgniter->handleRequest(null, Object(Config\Cache), false)
 4 FCPATH\index.php(67): CodeIgniter\CodeIgniter->run()
INFO - 2023-12-29 08:17:23 --> Session: Class initialized using 'CodeIgniter\Session\Handlers\FileHandler' driver.
WARNING - 2023-12-29 08:17:35 --> [DEPRECATED] Creation of dynamic property App\Controllers\Arsip::$Arsip_model is deprecated in APPPATH\Controllers\Arsip.php on line 14.
 1 SYSTEMPATH\CodeIgniter.php(904): App\Controllers\Arsip->__construct()
 2 SYSTEMPATH\CodeIgniter.php(488): CodeIgniter\CodeIgniter->createController()
 3 SYSTEMPATH\CodeIgniter.php(366): CodeIgniter\CodeIgniter->handleRequest(null, Object(Config\Cache), false)
 4 FCPATH\index.php(67): CodeIgniter\CodeIgniter->run()
WARNING - 2023-12-29 08:17:35 --> [DEPRECATED] Creation of dynamic property App\Controllers\Arsip::$Kategori_model is deprecated in APPPATH\Controllers\Arsip.php on line 15.
 1 SYSTEMPATH\CodeIgniter.php(904): App\Controllers\Arsip->__construct()
 2 SYSTEMPATH\CodeIgniter.php(488): CodeIgniter\CodeIgniter->createController()
 3 SYSTEMPATH\CodeIgniter.php(366): CodeIgniter\CodeIgniter->handleRequest(null, Object(Config\Cache), false)
 4 FCPATH\index.php(67): CodeIgniter\CodeIgniter->run()
INFO - 2023-12-29 08:17:35 --> Session: Class initialized using 'CodeIgniter\Session\Handlers\FileHandler' driver.
WARNING - 2023-12-29 08:17:41 --> [DEPRECATED] Creation of dynamic property App\Controllers\Arsip::$Arsip_model is deprecated in APPPATH\Controllers\Arsip.php on line 14.
 1 SYSTEMPATH\CodeIgniter.php(904): App\Controllers\Arsip->__construct()
 2 SYSTEMPATH\CodeIgniter.php(488): CodeIgniter\CodeIgniter->createController()
 3 SYSTEMPATH\CodeIgniter.php(366): CodeIgniter\CodeIgniter->handleRequest(null, Object(Config\Cache), false)
 4 FCPATH\index.php(67): CodeIgniter\CodeIgniter->run()
WARNING - 2023-12-29 08:17:41 --> [DEPRECATED] Creation of dynamic property App\Controllers\Arsip::$Kategori_model is deprecated in APPPATH\Controllers\Arsip.php on line 15.
 1 SYSTEMPATH\CodeIgniter.php(904): App\Controllers\Arsip->__construct()
 2 SYSTEMPATH\CodeIgniter.php(488): CodeIgniter\CodeIgniter->createController()
 3 SYSTEMPATH\CodeIgniter.php(366): CodeIgniter\CodeIgniter->handleRequest(null, Object(Config\Cache), false)
 4 FCPATH\index.php(67): CodeIgniter\CodeIgniter->run()
INFO - 2023-12-29 08:17:41 --> Session: Class initialized using 'CodeIgniter\Session\Handlers\FileHandler' driver.
WARNING - 2023-12-29 08:17:43 --> [DEPRECATED] Creation of dynamic property App\Controllers\Arsip::$Arsip_model is deprecated in APPPATH\Controllers\Arsip.php on line 14.
 1 SYSTEMPATH\CodeIgniter.php(904): App\Controllers\Arsip->__construct()
 2 SYSTEMPATH\CodeIgniter.php(488): CodeIgniter\CodeIgniter->createController()
 3 SYSTEMPATH\CodeIgniter.php(366): CodeIgniter\CodeIgniter->handleRequest(null, Object(Config\Cache), false)
 4 FCPATH\index.php(67): CodeIgniter\CodeIgniter->run()
WARNING - 2023-12-29 08:17:43 --> [DEPRECATED] Creation of dynamic property App\Controllers\Arsip::$Kategori_model is deprecated in APPPATH\Controllers\Arsip.php on line 15.
 1 SYSTEMPATH\CodeIgniter.php(904): App\Controllers\Arsip->__construct()
 2 SYSTEMPATH\CodeIgniter.php(488): CodeIgniter\CodeIgniter->createController()
 3 SYSTEMPATH\CodeIgniter.php(366): CodeIgniter\CodeIgniter->handleRequest(null, Object(Config\Cache), false)
 4 FCPATH\index.php(67): CodeIgniter\CodeIgniter->run()
INFO - 2023-12-29 08:17:43 --> Session: Class initialized using 'CodeIgniter\Session\Handlers\FileHandler' driver.
WARNING - 2023-12-29 08:17:46 --> [DEPRECATED] Creation of dynamic property App\Controllers\Arsip::$Arsip_model is deprecated in APPPATH\Controllers\Arsip.php on line 14.
 1 SYSTEMPATH\CodeIgniter.php(904): App\Controllers\Arsip->__construct()
 2 SYSTEMPATH\CodeIgniter.php(488): CodeIgniter\CodeIgniter->createController()
 3 SYSTEMPATH\CodeIgniter.php(366): CodeIgniter\CodeIgniter->handleRequest(null, Object(Config\Cache), false)
 4 FCPATH\index.php(67): CodeIgniter\CodeIgniter->run()
WARNING - 2023-12-29 08:17:46 --> [DEPRECATED] Creation of dynamic property App\Controllers\Arsip::$Kategori_model is deprecated in APPPATH\Controllers\Arsip.php on line 15.
 1 SYSTEMPATH\CodeIgniter.php(904): App\Controllers\Arsip->__construct()
 2 SYSTEMPATH\CodeIgniter.php(488): CodeIgniter\CodeIgniter->createController()
 3 SYSTEMPATH\CodeIgniter.php(366): CodeIgniter\CodeIgniter->handleRequest(null, Object(Config\Cache), false)
 4 FCPATH\index.php(67): CodeIgniter\CodeIgniter->run()
INFO - 2023-12-29 08:17:46 --> Session: Class initialized using 'CodeIgniter\Session\Handlers\FileHandler' driver.
WARNING - 2023-12-29 08:17:53 --> [DEPRECATED] Creation of dynamic property App\Controllers\Arsip::$Arsip_model is deprecated in APPPATH\Controllers\Arsip.php on line 14.
 1 SYSTEMPATH\CodeIgniter.php(904): App\Controllers\Arsip->__construct()
 2 SYSTEMPATH\CodeIgniter.php(488): CodeIgniter\CodeIgniter->createController()
 3 SYSTEMPATH\CodeIgniter.php(366): CodeIgniter\CodeIgniter->handleRequest(null, Object(Config\Cache), false)
 4 FCPATH\index.php(67): CodeIgniter\CodeIgniter->run()
WARNING - 2023-12-29 08:17:53 --> [DEPRECATED] Creation of dynamic property App\Controllers\Arsip::$Kategori_model is deprecated in APPPATH\Controllers\Arsip.php on line 15.
 1 SYSTEMPATH\CodeIgniter.php(904): App\Controllers\Arsip->__construct()
 2 SYSTEMPATH\CodeIgniter.php(488): CodeIgniter\CodeIgniter->createController()
 3 SYSTEMPATH\CodeIgniter.php(366): CodeIgniter\CodeIgniter->handleRequest(null, Object(Config\Cache), false)
 4 FCPATH\index.php(67): CodeIgniter\CodeIgniter->run()
INFO - 2023-12-29 08:17:53 --> Session: Class initialized using 'CodeIgniter\Session\Handlers\FileHandler' driver.
WARNING - 2023-12-29 08:24:33 --> [DEPRECATED] Creation of dynamic property App\Controllers\Arsip::$Arsip_model is deprecated in APPPATH\Controllers\Arsip.php on line 14.
 1 SYSTEMPATH\CodeIgniter.php(904): App\Controllers\Arsip->__construct()
 2 SYSTEMPATH\CodeIgniter.php(488): CodeIgniter\CodeIgniter->createController()
 3 SYSTEMPATH\CodeIgniter.php(366): CodeIgniter\CodeIgniter->handleRequest(null, Object(Config\Cache), false)
 4 FCPATH\index.php(67): CodeIgniter\CodeIgniter->run()
WARNING - 2023-12-29 08:24:33 --> [DEPRECATED] Creation of dynamic property App\Controllers\Arsip::$Kategori_model is deprecated in APPPATH\Controllers\Arsip.php on line 15.
 1 SYSTEMPATH\CodeIgniter.php(904): App\Controllers\Arsip->__construct()
 2 SYSTEMPATH\CodeIgniter.php(488): CodeIgniter\CodeIgniter->createController()
 3 SYSTEMPATH\CodeIgniter.php(366): CodeIgniter\CodeIgniter->handleRequest(null, Object(Config\Cache), false)
 4 FCPATH\index.php(67): CodeIgniter\CodeIgniter->run()
INFO - 2023-12-29 08:24:33 --> Session: Class initialized using 'CodeIgniter\Session\Handlers\FileHandler' driver.
