INFO - 2024-01-13 13:49:37 --> Session: Class initialized using 'CodeIgniter\Session\Handlers\FileHandler' driver.
INFO - 2024-01-13 13:49:40 --> Session: Class initialized using 'CodeIgniter\Session\Handlers\FileHandler' driver.
INFO - 2024-01-13 13:50:31 --> Session: Class initialized using 'CodeIgniter\Session\Handlers\FileHandler' driver.
INFO - 2024-01-13 13:50:33 --> Session: Class initialized using 'CodeIgniter\Session\Handlers\FileHandler' driver.
INFO - 2024-01-13 13:50:48 --> Session: Class initialized using 'CodeIgniter\Session\Handlers\FileHandler' driver.
INFO - 2024-01-13 13:51:08 --> Session: Class initialized using 'CodeIgniter\Session\Handlers\FileHandler' driver.
INFO - 2024-01-13 13:51:18 --> Session: Class initialized using 'CodeIgniter\Session\Handlers\FileHandler' driver.
INFO - 2024-01-13 13:54:08 --> Session: Class initialized using 'CodeIgniter\Session\Handlers\FileHandler' driver.
INFO - 2024-01-13 13:54:24 --> Session: Class initialized using 'CodeIgniter\Session\Handlers\FileHandler' driver.
INFO - 2024-01-13 14:01:13 --> Session: Class initialized using 'CodeIgniter\Session\Handlers\FileHandler' driver.
INFO - 2024-01-13 14:01:58 --> Session: Class initialized using 'CodeIgniter\Session\Handlers\FileHandler' driver.
INFO - 2024-01-13 14:02:09 --> Session: Class initialized using 'CodeIgniter\Session\Handlers\FileHandler' driver.
CRITICAL - 2024-01-13 14:02:09 --> Undefined property: App\Controllers\Arsip::$M_user
in APPPATH\Controllers\Arsip.php on line 108.
 1 APPPATH\Controllers\Arsip.php(108): CodeIgniter\Debug\Exceptions->errorHandler(2, 'Undefined property: App\\Controllers\\Arsip::$M_user', 'C:\\xampp\\htdocs\\si5n_manda\\app\\Controllers\\Arsip.php', 108)
 2 SYSTEMPATH\CodeIgniter.php(932): App\Controllers\Arsip->edit('4')
 3 SYSTEMPATH\CodeIgniter.php(497): CodeIgniter\CodeIgniter->runController(Object(App\Controllers\Arsip))
 4 SYSTEMPATH\CodeIgniter.php(366): CodeIgniter\CodeIgniter->handleRequest(null, Object(Config\Cache), false)
 5 FCPATH\index.php(67): CodeIgniter\CodeIgniter->run()
INFO - 2024-01-13 14:02:50 --> Session: Class initialized using 'CodeIgniter\Session\Handlers\FileHandler' driver.
INFO - 2024-01-13 14:29:31 --> Session: Class initialized using 'CodeIgniter\Session\Handlers\FileHandler' driver.
INFO - 2024-01-13 14:29:31 --> Session: Class initialized using 'CodeIgniter\Session\Handlers\FileHandler' driver.
INFO - 2024-01-13 14:29:36 --> Session: Class initialized using 'CodeIgniter\Session\Handlers\FileHandler' driver.
INFO - 2024-01-13 14:30:22 --> Session: Class initialized using 'CodeIgniter\Session\Handlers\FileHandler' driver.
INFO - 2024-01-13 14:32:34 --> Session: Class initialized using 'CodeIgniter\Session\Handlers\FileHandler' driver.
INFO - 2024-01-13 14:38:01 --> Session: Class initialized using 'CodeIgniter\Session\Handlers\FileHandler' driver.
CRITICAL - 2024-01-13 14:38:01 --> Undefined variable $user
in APPPATH\Views\v_editarsip.php on line 33.
 1 APPPATH\Views\v_editarsip.php(33): CodeIgniter\Debug\Exceptions->errorHandler(2, 'Undefined variable $user', 'C:\\xampp\\htdocs\\si5n_manda\\app\\Views\\v_editarsip.php', 33)
 2 SYSTEMPATH\View\View.php(226): include('C:\\xampp\\htdocs\\si5n_manda\\app\\Views\\v_editarsip.php')
 3 SYSTEMPATH\View\View.php(229): CodeIgniter\View\View->CodeIgniter\View\{closure}()
 4 SYSTEMPATH\Common.php(1174): CodeIgniter\View\View->render('v_editarsip', [], true)
 5 APPPATH\Views\layout\v_konten.php(4): view('v_editarsip')
 6 SYSTEMPATH\View\View.php(226): include('C:\\xampp\\htdocs\\si5n_manda\\app\\Views\\layout\\v_konten.php')
 7 SYSTEMPATH\View\View.php(229): CodeIgniter\View\View->CodeIgniter\View\{closure}()
 8 SYSTEMPATH\Common.php(1174): CodeIgniter\View\View->render('layout/v_konten.php', [], true)
 9 APPPATH\Views\layout\v_gabung.php(6): view('layout/v_konten.php')
10 SYSTEMPATH\View\View.php(226): include('C:\\xampp\\htdocs\\si5n_manda\\app\\Views\\layout\\v_gabung.php')
11 SYSTEMPATH\View\View.php(229): CodeIgniter\View\View->CodeIgniter\View\{closure}()
12 SYSTEMPATH\Common.php(1174): CodeIgniter\View\View->render('layout/v_gabung', [], true)
13 APPPATH\Controllers\Arsip.php(111): view('layout/v_gabung', [...])
14 SYSTEMPATH\CodeIgniter.php(932): App\Controllers\Arsip->edit('4')
15 SYSTEMPATH\CodeIgniter.php(497): CodeIgniter\CodeIgniter->runController(Object(App\Controllers\Arsip))
16 SYSTEMPATH\CodeIgniter.php(366): CodeIgniter\CodeIgniter->handleRequest(null, Object(Config\Cache), false)
17 FCPATH\index.php(67): CodeIgniter\CodeIgniter->run()
INFO - 2024-01-13 14:38:42 --> Session: Class initialized using 'CodeIgniter\Session\Handlers\FileHandler' driver.
INFO - 2024-01-13 14:39:19 --> Session: Class initialized using 'CodeIgniter\Session\Handlers\FileHandler' driver.
INFO - 2024-01-13 14:46:14 --> Session: Class initialized using 'CodeIgniter\Session\Handlers\FileHandler' driver.
CRITICAL - 2024-01-13 14:46:15 --> Undefined array key "Y-m-d"
in APPPATH\Views\v_editarsip.php on line 38.
 1 APPPATH\Views\v_editarsip.php(38): CodeIgniter\Debug\Exceptions->errorHandler(2, 'Undefined array key "Y-m-d"', 'C:\\xampp\\htdocs\\si5n_manda\\app\\Views\\v_editarsip.php', 38)
 2 SYSTEMPATH\View\View.php(226): include('C:\\xampp\\htdocs\\si5n_manda\\app\\Views\\v_editarsip.php')
 3 SYSTEMPATH\View\View.php(229): CodeIgniter\View\View->CodeIgniter\View\{closure}()
 4 SYSTEMPATH\Common.php(1174): CodeIgniter\View\View->render('v_editarsip', [], true)
 5 APPPATH\Views\layout\v_konten.php(4): view('v_editarsip')
 6 SYSTEMPATH\View\View.php(226): include('C:\\xampp\\htdocs\\si5n_manda\\app\\Views\\layout\\v_konten.php')
 7 SYSTEMPATH\View\View.php(229): CodeIgniter\View\View->CodeIgniter\View\{closure}()
 8 SYSTEMPATH\Common.php(1174): CodeIgniter\View\View->render('layout/v_konten.php', [], true)
 9 APPPATH\Views\layout\v_gabung.php(6): view('layout/v_konten.php')
10 SYSTEMPATH\View\View.php(226): include('C:\\xampp\\htdocs\\si5n_manda\\app\\Views\\layout\\v_gabung.php')
11 SYSTEMPATH\View\View.php(229): CodeIgniter\View\View->CodeIgniter\View\{closure}()
12 SYSTEMPATH\Common.php(1174): CodeIgniter\View\View->render('layout/v_gabung', [], true)
13 APPPATH\Controllers\Arsip.php(111): view('layout/v_gabung', [...])
14 SYSTEMPATH\CodeIgniter.php(932): App\Controllers\Arsip->edit('4')
15 SYSTEMPATH\CodeIgniter.php(497): CodeIgniter\CodeIgniter->runController(Object(App\Controllers\Arsip))
16 SYSTEMPATH\CodeIgniter.php(366): CodeIgniter\CodeIgniter->handleRequest(null, Object(Config\Cache), false)
17 FCPATH\index.php(67): CodeIgniter\CodeIgniter->run()
INFO - 2024-01-13 14:46:55 --> Session: Class initialized using 'CodeIgniter\Session\Handlers\FileHandler' driver.
CRITICAL - 2024-01-13 14:46:55 --> Undefined array key "Ymds"
in APPPATH\Views\v_editarsip.php on line 38.
 1 APPPATH\Views\v_editarsip.php(38): CodeIgniter\Debug\Exceptions->errorHandler(2, 'Undefined array key "Ymds"', 'C:\\xampp\\htdocs\\si5n_manda\\app\\Views\\v_editarsip.php', 38)
 2 SYSTEMPATH\View\View.php(226): include('C:\\xampp\\htdocs\\si5n_manda\\app\\Views\\v_editarsip.php')
 3 SYSTEMPATH\View\View.php(229): CodeIgniter\View\View->CodeIgniter\View\{closure}()
 4 SYSTEMPATH\Common.php(1174): CodeIgniter\View\View->render('v_editarsip', [], true)
 5 APPPATH\Views\layout\v_konten.php(4): view('v_editarsip')
 6 SYSTEMPATH\View\View.php(226): include('C:\\xampp\\htdocs\\si5n_manda\\app\\Views\\layout\\v_konten.php')
 7 SYSTEMPATH\View\View.php(229): CodeIgniter\View\View->CodeIgniter\View\{closure}()
 8 SYSTEMPATH\Common.php(1174): CodeIgniter\View\View->render('layout/v_konten.php', [], true)
 9 APPPATH\Views\layout\v_gabung.php(6): view('layout/v_konten.php')
10 SYSTEMPATH\View\View.php(226): include('C:\\xampp\\htdocs\\si5n_manda\\app\\Views\\layout\\v_gabung.php')
11 SYSTEMPATH\View\View.php(229): CodeIgniter\View\View->CodeIgniter\View\{closure}()
12 SYSTEMPATH\Common.php(1174): CodeIgniter\View\View->render('layout/v_gabung', [], true)
13 APPPATH\Controllers\Arsip.php(111): view('layout/v_gabung', [...])
14 SYSTEMPATH\CodeIgniter.php(932): App\Controllers\Arsip->edit('4')
15 SYSTEMPATH\CodeIgniter.php(497): CodeIgniter\CodeIgniter->runController(Object(App\Controllers\Arsip))
16 SYSTEMPATH\CodeIgniter.php(366): CodeIgniter\CodeIgniter->handleRequest(null, Object(Config\Cache), false)
17 FCPATH\index.php(67): CodeIgniter\CodeIgniter->run()
INFO - 2024-01-13 14:48:01 --> Session: Class initialized using 'CodeIgniter\Session\Handlers\FileHandler' driver.
CRITICAL - 2024-01-13 14:48:02 --> Undefined variable $departemen
in APPPATH\Views\v_editarsip.php on line 50.
 1 APPPATH\Views\v_editarsip.php(50): CodeIgniter\Debug\Exceptions->errorHandler(2, 'Undefined variable $departemen', 'C:\\xampp\\htdocs\\si5n_manda\\app\\Views\\v_editarsip.php', 50)
 2 SYSTEMPATH\View\View.php(226): include('C:\\xampp\\htdocs\\si5n_manda\\app\\Views\\v_editarsip.php')
 3 SYSTEMPATH\View\View.php(229): CodeIgniter\View\View->CodeIgniter\View\{closure}()
 4 SYSTEMPATH\Common.php(1174): CodeIgniter\View\View->render('v_editarsip', [], true)
 5 APPPATH\Views\layout\v_konten.php(4): view('v_editarsip')
 6 SYSTEMPATH\View\View.php(226): include('C:\\xampp\\htdocs\\si5n_manda\\app\\Views\\layout\\v_konten.php')
 7 SYSTEMPATH\View\View.php(229): CodeIgniter\View\View->CodeIgniter\View\{closure}()
 8 SYSTEMPATH\Common.php(1174): CodeIgniter\View\View->render('layout/v_konten.php', [], true)
 9 APPPATH\Views\layout\v_gabung.php(6): view('layout/v_konten.php')
10 SYSTEMPATH\View\View.php(226): include('C:\\xampp\\htdocs\\si5n_manda\\app\\Views\\layout\\v_gabung.php')
11 SYSTEMPATH\View\View.php(229): CodeIgniter\View\View->CodeIgniter\View\{closure}()
12 SYSTEMPATH\Common.php(1174): CodeIgniter\View\View->render('layout/v_gabung', [], true)
13 APPPATH\Controllers\Arsip.php(111): view('layout/v_gabung', [...])
14 SYSTEMPATH\CodeIgniter.php(932): App\Controllers\Arsip->edit('4')
15 SYSTEMPATH\CodeIgniter.php(497): CodeIgniter\CodeIgniter->runController(Object(App\Controllers\Arsip))
16 SYSTEMPATH\CodeIgniter.php(366): CodeIgniter\CodeIgniter->handleRequest(null, Object(Config\Cache), false)
17 FCPATH\index.php(67): CodeIgniter\CodeIgniter->run()
INFO - 2024-01-13 14:48:46 --> Session: Class initialized using 'CodeIgniter\Session\Handlers\FileHandler' driver.
CRITICAL - 2024-01-13 14:48:46 --> Cannot access offset of type string on string
in APPPATH\Views\v_editarsip.php on line 51.
 1 SYSTEMPATH\View\View.php(226): include()
 2 SYSTEMPATH\View\View.php(229): CodeIgniter\View\View->CodeIgniter\View\{closure}()
 3 SYSTEMPATH\Common.php(1174): CodeIgniter\View\View->render('v_editarsip', [], true)
 4 APPPATH\Views\layout\v_konten.php(4): view('v_editarsip')
 5 SYSTEMPATH\View\View.php(226): include('C:\\xampp\\htdocs\\si5n_manda\\app\\Views\\layout\\v_konten.php')
 6 SYSTEMPATH\View\View.php(229): CodeIgniter\View\View->CodeIgniter\View\{closure}()
 7 SYSTEMPATH\Common.php(1174): CodeIgniter\View\View->render('layout/v_konten.php', [], true)
 8 APPPATH\Views\layout\v_gabung.php(6): view('layout/v_konten.php')
 9 SYSTEMPATH\View\View.php(226): include('C:\\xampp\\htdocs\\si5n_manda\\app\\Views\\layout\\v_gabung.php')
10 SYSTEMPATH\View\View.php(229): CodeIgniter\View\View->CodeIgniter\View\{closure}()
11 SYSTEMPATH\Common.php(1174): CodeIgniter\View\View->render('layout/v_gabung', [], true)
12 APPPATH\Controllers\Arsip.php(111): view('layout/v_gabung', [...])
13 SYSTEMPATH\CodeIgniter.php(932): App\Controllers\Arsip->edit('4')
14 SYSTEMPATH\CodeIgniter.php(497): CodeIgniter\CodeIgniter->runController(Object(App\Controllers\Arsip))
15 SYSTEMPATH\CodeIgniter.php(366): CodeIgniter\CodeIgniter->handleRequest(null, Object(Config\Cache), false)
16 FCPATH\index.php(67): CodeIgniter\CodeIgniter->run()
INFO - 2024-01-13 14:49:50 --> Session: Class initialized using 'CodeIgniter\Session\Handlers\FileHandler' driver.
CRITICAL - 2024-01-13 14:49:50 --> Undefined variable $departemen
in APPPATH\Views\v_editarsip.php on line 50.
 1 APPPATH\Views\v_editarsip.php(50): CodeIgniter\Debug\Exceptions->errorHandler(2, 'Undefined variable $departemen', 'C:\\xampp\\htdocs\\si5n_manda\\app\\Views\\v_editarsip.php', 50)
 2 SYSTEMPATH\View\View.php(226): include('C:\\xampp\\htdocs\\si5n_manda\\app\\Views\\v_editarsip.php')
 3 SYSTEMPATH\View\View.php(229): CodeIgniter\View\View->CodeIgniter\View\{closure}()
 4 SYSTEMPATH\Common.php(1174): CodeIgniter\View\View->render('v_editarsip', [], true)
 5 APPPATH\Views\layout\v_konten.php(4): view('v_editarsip')
 6 SYSTEMPATH\View\View.php(226): include('C:\\xampp\\htdocs\\si5n_manda\\app\\Views\\layout\\v_konten.php')
 7 SYSTEMPATH\View\View.php(229): CodeIgniter\View\View->CodeIgniter\View\{closure}()
 8 SYSTEMPATH\Common.php(1174): CodeIgniter\View\View->render('layout/v_konten.php', [], true)
 9 APPPATH\Views\layout\v_gabung.php(6): view('layout/v_konten.php')
10 SYSTEMPATH\View\View.php(226): include('C:\\xampp\\htdocs\\si5n_manda\\app\\Views\\layout\\v_gabung.php')
11 SYSTEMPATH\View\View.php(229): CodeIgniter\View\View->CodeIgniter\View\{closure}()
12 SYSTEMPATH\Common.php(1174): CodeIgniter\View\View->render('layout/v_gabung', [], true)
13 APPPATH\Controllers\Arsip.php(111): view('layout/v_gabung', [...])
14 SYSTEMPATH\CodeIgniter.php(932): App\Controllers\Arsip->edit('4')
15 SYSTEMPATH\CodeIgniter.php(497): CodeIgniter\CodeIgniter->runController(Object(App\Controllers\Arsip))
16 SYSTEMPATH\CodeIgniter.php(366): CodeIgniter\CodeIgniter->handleRequest(null, Object(Config\Cache), false)
17 FCPATH\index.php(67): CodeIgniter\CodeIgniter->run()
INFO - 2024-01-13 14:51:29 --> Session: Class initialized using 'CodeIgniter\Session\Handlers\FileHandler' driver.
INFO - 2024-01-13 14:53:09 --> Session: Class initialized using 'CodeIgniter\Session\Handlers\FileHandler' driver.
INFO - 2024-01-13 14:53:37 --> Session: Class initialized using 'CodeIgniter\Session\Handlers\FileHandler' driver.
INFO - 2024-01-13 14:53:44 --> Session: Class initialized using 'CodeIgniter\Session\Handlers\FileHandler' driver.
INFO - 2024-01-13 14:54:50 --> Session: Class initialized using 'CodeIgniter\Session\Handlers\FileHandler' driver.
INFO - 2024-01-13 14:54:54 --> Session: Class initialized using 'CodeIgniter\Session\Handlers\FileHandler' driver.
INFO - 2024-01-13 14:55:03 --> Session: Class initialized using 'CodeIgniter\Session\Handlers\FileHandler' driver.
INFO - 2024-01-13 14:55:44 --> Session: Class initialized using 'CodeIgniter\Session\Handlers\FileHandler' driver.
INFO - 2024-01-13 14:55:48 --> Session: Class initialized using 'CodeIgniter\Session\Handlers\FileHandler' driver.
INFO - 2024-01-13 14:55:56 --> Session: Class initialized using 'CodeIgniter\Session\Handlers\FileHandler' driver.
INFO - 2024-01-13 14:58:13 --> Session: Class initialized using 'CodeIgniter\Session\Handlers\FileHandler' driver.
INFO - 2024-01-13 14:58:19 --> Session: Class initialized using 'CodeIgniter\Session\Handlers\FileHandler' driver.
INFO - 2024-01-13 14:58:20 --> Session: Class initialized using 'CodeIgniter\Session\Handlers\FileHandler' driver.
INFO - 2024-01-13 14:58:27 --> Session: Class initialized using 'CodeIgniter\Session\Handlers\FileHandler' driver.
INFO - 2024-01-13 14:58:42 --> Session: Class initialized using 'CodeIgniter\Session\Handlers\FileHandler' driver.
INFO - 2024-01-13 14:58:43 --> Session: Class initialized using 'CodeIgniter\Session\Handlers\FileHandler' driver.
INFO - 2024-01-13 14:58:46 --> Session: Class initialized using 'CodeIgniter\Session\Handlers\FileHandler' driver.
INFO - 2024-01-13 14:59:06 --> Session: Class initialized using 'CodeIgniter\Session\Handlers\FileHandler' driver.
INFO - 2024-01-13 14:59:10 --> Session: Class initialized using 'CodeIgniter\Session\Handlers\FileHandler' driver.
INFO - 2024-01-13 14:59:22 --> Session: Class initialized using 'CodeIgniter\Session\Handlers\FileHandler' driver.
INFO - 2024-01-13 14:59:24 --> Session: Class initialized using 'CodeIgniter\Session\Handlers\FileHandler' driver.
INFO - 2024-01-13 14:59:27 --> Session: Class initialized using 'CodeIgniter\Session\Handlers\FileHandler' driver.
INFO - 2024-01-13 14:59:49 --> Session: Class initialized using 'CodeIgniter\Session\Handlers\FileHandler' driver.
INFO - 2024-01-13 14:59:51 --> Session: Class initialized using 'CodeIgniter\Session\Handlers\FileHandler' driver.
INFO - 2024-01-13 15:06:08 --> Session: Class initialized using 'CodeIgniter\Session\Handlers\FileHandler' driver.
INFO - 2024-01-13 15:06:09 --> Session: Class initialized using 'CodeIgniter\Session\Handlers\FileHandler' driver.
INFO - 2024-01-13 15:06:19 --> Session: Class initialized using 'CodeIgniter\Session\Handlers\FileHandler' driver.
INFO - 2024-01-13 15:06:19 --> Session: Class initialized using 'CodeIgniter\Session\Handlers\FileHandler' driver.
INFO - 2024-01-13 15:06:27 --> Session: Class initialized using 'CodeIgniter\Session\Handlers\FileHandler' driver.
INFO - 2024-01-13 15:06:28 --> Session: Class initialized using 'CodeIgniter\Session\Handlers\FileHandler' driver.
