WARNING - 2023-10-27 07:26:51 --> [DEPRECATED] Creation of dynamic property App\Controllers\Kategori::$Kategori_model is deprecated in APPPATH\Controllers\Kategori.php on line 11.
 1 SYSTEMPATH\CodeIgniter.php(904): App\Controllers\Kategori->__construct()
 2 SYSTEMPATH\CodeIgniter.php(488): CodeIgniter\CodeIgniter->createController()
 3 SYSTEMPATH\CodeIgniter.php(366): CodeIgniter\CodeIgniter->handleRequest(null, Object(Config\Cache), false)
 4 FCPATH\index.php(67): CodeIgniter\CodeIgniter->run()
CRITICAL - 2023-10-27 07:26:51 --> Invalid file: "v_kategori.php"
in SYSTEMPATH\Exceptions\FrameworkException.php on line 39.
 1 SYSTEMPATH\View\View.php(214): CodeIgniter\Exceptions\FrameworkException::forInvalidFile('v_kategori.php')
 2 SYSTEMPATH\Common.php(1174): CodeIgniter\View\View->render('v_kategori', [], true)
 3 APPPATH\Views\layout\v_konten.php(4): view('v_kategori')
 4 SYSTEMPATH\View\View.php(226): include('C:\\xampp\\htdocs\\si5n_manda\\app\\Views\\layout\\v_konten.php')
 5 SYSTEMPATH\View\View.php(229): CodeIgniter\View\View->CodeIgniter\View\{closure}()
 6 SYSTEMPATH\Common.php(1174): CodeIgniter\View\View->render('layout/v_konten.php', [], true)
 7 APPPATH\Views\layout\v_gabung.php(6): view('layout/v_konten.php')
 8 SYSTEMPATH\View\View.php(226): include('C:\\xampp\\htdocs\\si5n_manda\\app\\Views\\layout\\v_gabung.php')
 9 SYSTEMPATH\View\View.php(229): CodeIgniter\View\View->CodeIgniter\View\{closure}()
10 SYSTEMPATH\Common.php(1174): CodeIgniter\View\View->render('layout/v_gabung', [], true)
11 APPPATH\Controllers\Kategori.php(20): view('layout/v_gabung', [...])
12 SYSTEMPATH\CodeIgniter.php(932): App\Controllers\Kategori->index()
13 SYSTEMPATH\CodeIgniter.php(497): CodeIgniter\CodeIgniter->runController(Object(App\Controllers\Kategori))
14 SYSTEMPATH\CodeIgniter.php(366): CodeIgniter\CodeIgniter->handleRequest(null, Object(Config\Cache), false)
15 FCPATH\index.php(67): CodeIgniter\CodeIgniter->run()
CRITICAL - 2023-10-27 07:33:11 --> Invalid file: "v_kategori.php"
in SYSTEMPATH\Exceptions\FrameworkException.php on line 39.
 1 SYSTEMPATH\View\View.php(214): CodeIgniter\Exceptions\FrameworkException::forInvalidFile('v_kategori.php')
 2 SYSTEMPATH\Common.php(1174): CodeIgniter\View\View->render('v_kategori', [], true)
 3 APPPATH\Views\layout\v_konten.php(4): view('v_kategori')
 4 SYSTEMPATH\View\View.php(226): include('C:\\xampp\\htdocs\\si5n_manda\\app\\Views\\layout\\v_konten.php')
 5 SYSTEMPATH\View\View.php(229): CodeIgniter\View\View->CodeIgniter\View\{closure}()
 6 SYSTEMPATH\Common.php(1174): CodeIgniter\View\View->render('layout/v_konten.php', [], true)
 7 APPPATH\Views\layout\v_gabung.php(6): view('layout/v_konten.php')
 8 SYSTEMPATH\View\View.php(226): include('C:\\xampp\\htdocs\\si5n_manda\\app\\Views\\layout\\v_gabung.php')
 9 SYSTEMPATH\View\View.php(229): CodeIgniter\View\View->CodeIgniter\View\{closure}()
10 SYSTEMPATH\Common.php(1174): CodeIgniter\View\View->render('layout/v_gabung', [], true)
11 APPPATH\Controllers\Kategori.php(19): view('layout/v_gabung', [...])
12 SYSTEMPATH\CodeIgniter.php(932): App\Controllers\Kategori->index()
13 SYSTEMPATH\CodeIgniter.php(497): CodeIgniter\CodeIgniter->runController(Object(App\Controllers\Kategori))
14 SYSTEMPATH\CodeIgniter.php(366): CodeIgniter\CodeIgniter->handleRequest(null, Object(Config\Cache), false)
15 FCPATH\index.php(67): CodeIgniter\CodeIgniter->run()
CRITICAL - 2023-10-27 07:34:10 --> Invalid file: "v_kategori.php"
in SYSTEMPATH\Exceptions\FrameworkException.php on line 39.
 1 SYSTEMPATH\View\View.php(214): CodeIgniter\Exceptions\FrameworkException::forInvalidFile('v_kategori.php')
 2 SYSTEMPATH\Common.php(1174): CodeIgniter\View\View->render('v_kategori', [], true)
 3 APPPATH\Views\layout\v_konten.php(4): view('v_kategori')
 4 SYSTEMPATH\View\View.php(226): include('C:\\xampp\\htdocs\\si5n_manda\\app\\Views\\layout\\v_konten.php')
 5 SYSTEMPATH\View\View.php(229): CodeIgniter\View\View->CodeIgniter\View\{closure}()
 6 SYSTEMPATH\Common.php(1174): CodeIgniter\View\View->render('layout/v_konten.php', [], true)
 7 APPPATH\Views\layout\v_gabung.php(6): view('layout/v_konten.php')
 8 SYSTEMPATH\View\View.php(226): include('C:\\xampp\\htdocs\\si5n_manda\\app\\Views\\layout\\v_gabung.php')
 9 SYSTEMPATH\View\View.php(229): CodeIgniter\View\View->CodeIgniter\View\{closure}()
10 SYSTEMPATH\Common.php(1174): CodeIgniter\View\View->render('layout/v_gabung', [], true)
11 APPPATH\Controllers\Kategori.php(19): view('layout/v_gabung', [...])
12 SYSTEMPATH\CodeIgniter.php(932): App\Controllers\Kategori->index()
13 SYSTEMPATH\CodeIgniter.php(497): CodeIgniter\CodeIgniter->runController(Object(App\Controllers\Kategori))
14 SYSTEMPATH\CodeIgniter.php(366): CodeIgniter\CodeIgniter->handleRequest(null, Object(Config\Cache), false)
15 FCPATH\index.php(67): CodeIgniter\CodeIgniter->run()
CRITICAL - 2023-10-27 07:35:14 --> Invalid file: "v_kategori.php"
in SYSTEMPATH\Exceptions\FrameworkException.php on line 39.
 1 SYSTEMPATH\View\View.php(214): CodeIgniter\Exceptions\FrameworkException::forInvalidFile('v_kategori.php')
 2 SYSTEMPATH\Common.php(1174): CodeIgniter\View\View->render('v_kategori', [], true)
 3 APPPATH\Views\layout\v_konten.php(4): view('v_kategori')
 4 SYSTEMPATH\View\View.php(226): include('C:\\xampp\\htdocs\\si5n_manda\\app\\Views\\layout\\v_konten.php')
 5 SYSTEMPATH\View\View.php(229): CodeIgniter\View\View->CodeIgniter\View\{closure}()
 6 SYSTEMPATH\Common.php(1174): CodeIgniter\View\View->render('layout/v_konten.php', [], true)
 7 APPPATH\Views\layout\v_gabung.php(6): view('layout/v_konten.php')
 8 SYSTEMPATH\View\View.php(226): include('C:\\xampp\\htdocs\\si5n_manda\\app\\Views\\layout\\v_gabung.php')
 9 SYSTEMPATH\View\View.php(229): CodeIgniter\View\View->CodeIgniter\View\{closure}()
10 SYSTEMPATH\Common.php(1174): CodeIgniter\View\View->render('layout/v_gabung', [], true)
11 APPPATH\Controllers\Kategori.php(19): view('layout/v_gabung', [...])
12 SYSTEMPATH\CodeIgniter.php(932): App\Controllers\Kategori->index()
13 SYSTEMPATH\CodeIgniter.php(497): CodeIgniter\CodeIgniter->runController(Object(App\Controllers\Kategori))
14 SYSTEMPATH\CodeIgniter.php(366): CodeIgniter\CodeIgniter->handleRequest(null, Object(Config\Cache), false)
15 FCPATH\index.php(67): CodeIgniter\CodeIgniter->run()
WARNING - 2023-10-27 07:47:06 --> [DEPRECATED] Creation of dynamic property App\Controllers\Kategori::$Kategori_model is deprecated in APPPATH\Controllers\Kategori.php on line 12.
 1 SYSTEMPATH\CodeIgniter.php(904): App\Controllers\Kategori->__construct()
 2 SYSTEMPATH\CodeIgniter.php(488): CodeIgniter\CodeIgniter->createController()
 3 SYSTEMPATH\CodeIgniter.php(366): CodeIgniter\CodeIgniter->handleRequest(null, Object(Config\Cache), false)
 4 FCPATH\index.php(67): CodeIgniter\CodeIgniter->run()
WARNING - 2023-10-27 07:48:38 --> [DEPRECATED] Creation of dynamic property App\Controllers\Kategori::$Kategori_model is deprecated in APPPATH\Controllers\Kategori.php on line 12.
 1 SYSTEMPATH\CodeIgniter.php(904): App\Controllers\Kategori->__construct()
 2 SYSTEMPATH\CodeIgniter.php(488): CodeIgniter\CodeIgniter->createController()
 3 SYSTEMPATH\CodeIgniter.php(366): CodeIgniter\CodeIgniter->handleRequest(null, Object(Config\Cache), false)
 4 FCPATH\index.php(67): CodeIgniter\CodeIgniter->run()
WARNING - 2023-10-27 07:49:00 --> [DEPRECATED] Creation of dynamic property App\Controllers\Kategori::$Kategori_model is deprecated in APPPATH\Controllers\Kategori.php on line 12.
 1 SYSTEMPATH\CodeIgniter.php(904): App\Controllers\Kategori->__construct()
 2 SYSTEMPATH\CodeIgniter.php(488): CodeIgniter\CodeIgniter->createController()
 3 SYSTEMPATH\CodeIgniter.php(366): CodeIgniter\CodeIgniter->handleRequest(null, Object(Config\Cache), false)
 4 FCPATH\index.php(67): CodeIgniter\CodeIgniter->run()
WARNING - 2023-10-27 07:49:41 --> [DEPRECATED] Creation of dynamic property App\Controllers\Kategori::$Kategori_model is deprecated in APPPATH\Controllers\Kategori.php on line 12.
 1 SYSTEMPATH\CodeIgniter.php(904): App\Controllers\Kategori->__construct()
 2 SYSTEMPATH\CodeIgniter.php(488): CodeIgniter\CodeIgniter->createController()
 3 SYSTEMPATH\CodeIgniter.php(366): CodeIgniter\CodeIgniter->handleRequest(null, Object(Config\Cache), false)
 4 FCPATH\index.php(67): CodeIgniter\CodeIgniter->run()
WARNING - 2023-10-27 07:56:28 --> [DEPRECATED] Creation of dynamic property App\Controllers\Kategori::$Kategori_model is deprecated in APPPATH\Controllers\Kategori.php on line 12.
 1 SYSTEMPATH\CodeIgniter.php(904): App\Controllers\Kategori->__construct()
 2 SYSTEMPATH\CodeIgniter.php(488): CodeIgniter\CodeIgniter->createController()
 3 SYSTEMPATH\CodeIgniter.php(366): CodeIgniter\CodeIgniter->handleRequest(null, Object(Config\Cache), false)
 4 FCPATH\index.php(67): CodeIgniter\CodeIgniter->run()
WARNING - 2023-10-27 08:17:31 --> [DEPRECATED] Creation of dynamic property App\Controllers\Kategori::$Kategori_model is deprecated in APPPATH\Controllers\Kategori.php on line 12.
 1 SYSTEMPATH\CodeIgniter.php(904): App\Controllers\Kategori->__construct()
 2 SYSTEMPATH\CodeIgniter.php(488): CodeIgniter\CodeIgniter->createController()
 3 SYSTEMPATH\CodeIgniter.php(366): CodeIgniter\CodeIgniter->handleRequest(null, Object(Config\Cache), false)
 4 FCPATH\index.php(67): CodeIgniter\CodeIgniter->run()
WARNING - 2023-10-27 08:18:13 --> [DEPRECATED] Creation of dynamic property App\Controllers\Kategori::$Kategori_model is deprecated in APPPATH\Controllers\Kategori.php on line 12.
 1 SYSTEMPATH\CodeIgniter.php(904): App\Controllers\Kategori->__construct()
 2 SYSTEMPATH\CodeIgniter.php(488): CodeIgniter\CodeIgniter->createController()
 3 SYSTEMPATH\CodeIgniter.php(366): CodeIgniter\CodeIgniter->handleRequest(null, Object(Config\Cache), false)
 4 FCPATH\index.php(67): CodeIgniter\CodeIgniter->run()
WARNING - 2023-10-27 08:24:04 --> [DEPRECATED] Creation of dynamic property App\Controllers\Kategori::$Kategori_model is deprecated in APPPATH\Controllers\Kategori.php on line 12.
 1 SYSTEMPATH\CodeIgniter.php(904): App\Controllers\Kategori->__construct()
 2 SYSTEMPATH\CodeIgniter.php(488): CodeIgniter\CodeIgniter->createController()
 3 SYSTEMPATH\CodeIgniter.php(366): CodeIgniter\CodeIgniter->handleRequest(null, Object(Config\Cache), false)
 4 FCPATH\index.php(67): CodeIgniter\CodeIgniter->run()
WARNING - 2023-10-27 08:32:43 --> [DEPRECATED] Creation of dynamic property App\Controllers\Kategori::$Kategori_model is deprecated in APPPATH\Controllers\Kategori.php on line 12.
 1 SYSTEMPATH\CodeIgniter.php(904): App\Controllers\Kategori->__construct()
 2 SYSTEMPATH\CodeIgniter.php(488): CodeIgniter\CodeIgniter->createController()
 3 SYSTEMPATH\CodeIgniter.php(366): CodeIgniter\CodeIgniter->handleRequest(null, Object(Config\Cache), false)
 4 FCPATH\index.php(67): CodeIgniter\CodeIgniter->run()
